M	hw1.c
Your branch is ahead of 'origin/master' by 1 commit.
  (use "git push" to publish your local commits)
[master e0b7159] Submission for homework hw1
 Committer: Junaid Javed <javedj@borg02.cs.purdue.edu>
Your name and email address were configured automatically based
on your username and hostname. Please check that they are accurate.
You can suppress this message by setting them explicitly. Run the
following command and follow the instructions in your editor to edit
your configuration file:

    git config --global --edit

After doing this, you may fix the identity used for this commit with:

    git commit --amend --reset-author

 1 file changed, 25 insertions(+), 9 deletions(-)
D	.hw1.c.swp
Your branch is ahead of 'origin/master' by 2 commits.
  (use "git push" to publish your local commits)
[master bca6555] Submission for homework hw1
 Committer: Junaid Javed <javedj@borg01.cs.purdue.edu>
Your name and email address were configured automatically based
on your username and hostname. Please check that they are accurate.
You can suppress this message by setting them explicitly. Run the
following command and follow the instructions in your editor to edit
your configuration file:

    git config --global --edit

After doing this, you may fix the identity used for this commit with:

    git commit --amend --reset-author

 2 files changed, 3 insertions(+)
 delete mode 100644 .hw1.c.swp
M	.local.git.out
Your branch is up to date with 'origin/master'.
[master 30bcbbf] Submission for homework hw1
 Committer: Junaid Javed <javedj@borg01.cs.purdue.edu>
Your name and email address were configured automatically based
on your username and hostname. Please check that they are accurate.
You can suppress this message by setting them explicitly. Run the
following command and follow the instructions in your editor to edit
your configuration file:

    git config --global --edit

After doing this, you may fix the identity used for this commit with:

    git commit --amend --reset-author

 1 file changed, 18 insertions(+)
