M	hw3.c
Your branch is up to date with 'origin/master'.
[master b6b6481] Commit homework hw3
 Committer: Junaid Javed <javedj@data.cs.purdue.edu>
Your name and email address were configured automatically based
on your username and hostname. Please check that they are accurate.
You can suppress this message by setting them explicitly. Run the
following command and follow the instructions in your editor to edit
your configuration file:

    git config --global --edit

After doing this, you may fix the identity used for this commit with:

    git commit --amend --reset-author

 2 files changed, 56 insertions(+), 2 deletions(-)
M	.local.git.out
Your branch is up to date with 'origin/master'.
[master ada0e7c] Commit homework hw3
 Committer: Junaid Javed <javedj@data.cs.purdue.edu>
Your name and email address were configured automatically based
on your username and hostname. Please check that they are accurate.
You can suppress this message by setting them explicitly. Run the
following command and follow the instructions in your editor to edit
your configuration file:

    git config --global --edit

After doing this, you may fix the identity used for this commit with:

    git commit --amend --reset-author

 1 file changed, 17 insertions(+)
M	.local.git.out
M	hw3.c
Your branch is up to date with 'origin/master'.
[master 9ea48a5] Commit homework hw3
 Committer: Junaid Javed <javedj@data.cs.purdue.edu>
Your name and email address were configured automatically based
on your username and hostname. Please check that they are accurate.
You can suppress this message by setting them explicitly. Run the
following command and follow the instructions in your editor to edit
your configuration file:

    git config --global --edit

After doing this, you may fix the identity used for this commit with:

    git commit --amend --reset-author

 2 files changed, 39 insertions(+)
M	.local.git.out
Your branch is up to date with 'origin/master'.
[master ce00906] Commit homework hw3
 Committer: Junaid Javed <javedj@data.cs.purdue.edu>
Your name and email address were configured automatically based
on your username and hostname. Please check that they are accurate.
You can suppress this message by setting them explicitly. Run the
following command and follow the instructions in your editor to edit
your configuration file:

    git config --global --edit

After doing this, you may fix the identity used for this commit with:

    git commit --amend --reset-author

 1 file changed, 17 insertions(+)
M	.local.git.out
M	hw3.c
Your branch is up to date with 'origin/master'.
[master 7e0b13c] Commit homework hw3
 Committer: Junaid Javed <javedj@data.cs.purdue.edu>
Your name and email address were configured automatically based
on your username and hostname. Please check that they are accurate.
You can suppress this message by setting them explicitly. Run the
following command and follow the instructions in your editor to edit
your configuration file:

    git config --global --edit

After doing this, you may fix the identity used for this commit with:

    git commit --amend --reset-author

 2 files changed, 20 insertions(+)
M	.local.git.out
M	hw3.c
Your branch is up to date with 'origin/master'.
[master 536a11d] Commit homework hw3
 Committer: Junaid Javed <javedj@data.cs.purdue.edu>
Your name and email address were configured automatically based
on your username and hostname. Please check that they are accurate.
You can suppress this message by setting them explicitly. Run the
following command and follow the instructions in your editor to edit
your configuration file:

    git config --global --edit

After doing this, you may fix the identity used for this commit with:

    git commit --amend --reset-author

 2 files changed, 19 insertions(+), 1 deletion(-)
M	.local.git.out
M	hw3.c
Your branch is up to date with 'origin/master'.
[master 17a6dbc] Commit homework hw3
 Committer: Junaid Javed <javedj@data.cs.purdue.edu>
Your name and email address were configured automatically based
on your username and hostname. Please check that they are accurate.
You can suppress this message by setting them explicitly. Run the
following command and follow the instructions in your editor to edit
your configuration file:

    git config --global --edit

After doing this, you may fix the identity used for this commit with:

    git commit --amend --reset-author

 2 files changed, 21 insertions(+), 19 deletions(-)
M	.local.git.out
M	hw3.c
Your branch is up to date with 'origin/master'.
[master b79ae5b] Commit homework hw3
 Committer: Junaid Javed <javedj@data.cs.purdue.edu>
Your name and email address were configured automatically based
on your username and hostname. Please check that they are accurate.
You can suppress this message by setting them explicitly. Run the
following command and follow the instructions in your editor to edit
your configuration file:

    git config --global --edit

After doing this, you may fix the identity used for this commit with:

    git commit --amend --reset-author

 2 files changed, 38 insertions(+), 5 deletions(-)
M	.local.git.out
M	hw3.c
Your branch is up to date with 'origin/master'.
[master c2ed894] Commit homework hw3
 Committer: Junaid Javed <javedj@data.cs.purdue.edu>
Your name and email address were configured automatically based
on your username and hostname. Please check that they are accurate.
You can suppress this message by setting them explicitly. Run the
following command and follow the instructions in your editor to edit
your configuration file:

    git config --global --edit

After doing this, you may fix the identity used for this commit with:

    git commit --amend --reset-author

 2 files changed, 38 insertions(+), 11 deletions(-)
M	.local.git.out
Your branch is up to date with 'origin/master'.
[master f093156] Commit homework hw3
 Committer: Junaid Javed <javedj@data.cs.purdue.edu>
Your name and email address were configured automatically based
on your username and hostname. Please check that they are accurate.
You can suppress this message by setting them explicitly. Run the
following command and follow the instructions in your editor to edit
your configuration file:

    git config --global --edit

After doing this, you may fix the identity used for this commit with:

    git commit --amend --reset-author

 1 file changed, 17 insertions(+)
M	.local.git.out
M	hw3.c
Your branch is up to date with 'origin/master'.
[master 1178a86] Commit homework hw3
 Committer: Junaid Javed <javedj@data.cs.purdue.edu>
Your name and email address were configured automatically based
on your username and hostname. Please check that they are accurate.
You can suppress this message by setting them explicitly. Run the
following command and follow the instructions in your editor to edit
your configuration file:

    git config --global --edit

After doing this, you may fix the identity used for this commit with:

    git commit --amend --reset-author

 2 files changed, 22 insertions(+)
M	.local.git.out
M	hw3.c
Your branch is up to date with 'origin/master'.
[master 86d913c] Commit homework hw3
 Committer: Junaid Javed <javedj@data.cs.purdue.edu>
Your name and email address were configured automatically based
on your username and hostname. Please check that they are accurate.
You can suppress this message by setting them explicitly. Run the
following command and follow the instructions in your editor to edit
your configuration file:

    git config --global --edit

After doing this, you may fix the identity used for this commit with:

    git commit --amend --reset-author

 2 files changed, 24 insertions(+), 2 deletions(-)
M	.local.git.out
M	hw3.c
Your branch is up to date with 'origin/master'.
[master 0958441] Commit homework hw3
 Committer: Junaid Javed <javedj@data.cs.purdue.edu>
Your name and email address were configured automatically based
on your username and hostname. Please check that they are accurate.
You can suppress this message by setting them explicitly. Run the
following command and follow the instructions in your editor to edit
your configuration file:

    git config --global --edit

After doing this, you may fix the identity used for this commit with:

    git commit --amend --reset-author

 2 files changed, 24 insertions(+)
M	.local.git.out
M	hw3.c
Your branch is up to date with 'origin/master'.
[master d9538b0] Commit homework hw3
 Committer: Junaid Javed <javedj@data.cs.purdue.edu>
Your name and email address were configured automatically based
on your username and hostname. Please check that they are accurate.
You can suppress this message by setting them explicitly. Run the
following command and follow the instructions in your editor to edit
your configuration file:

    git config --global --edit

After doing this, you may fix the identity used for this commit with:

    git commit --amend --reset-author

 2 files changed, 22 insertions(+)
M	.local.git.out
M	hw3.c
Your branch is up to date with 'origin/master'.
[master e04bba7] Commit homework hw3
 Committer: Junaid Javed <javedj@data.cs.purdue.edu>
Your name and email address were configured automatically based
on your username and hostname. Please check that they are accurate.
You can suppress this message by setting them explicitly. Run the
following command and follow the instructions in your editor to edit
your configuration file:

    git config --global --edit

After doing this, you may fix the identity used for this commit with:

    git commit --amend --reset-author

 2 files changed, 19 insertions(+), 3 deletions(-)
M	.local.git.out
Your branch is up to date with 'origin/master'.
[master b266040] Commit homework hw3
 Committer: Junaid Javed <javedj@data.cs.purdue.edu>
Your name and email address were configured automatically based
on your username and hostname. Please check that they are accurate.
You can suppress this message by setting them explicitly. Run the
following command and follow the instructions in your editor to edit
your configuration file:

    git config --global --edit

After doing this, you may fix the identity used for this commit with:

    git commit --amend --reset-author

 1 file changed, 17 insertions(+)
M	.local.git.out
Your branch is up to date with 'origin/master'.
[master e2552f3] Commit homework hw3
 Committer: Junaid Javed <javedj@data.cs.purdue.edu>
Your name and email address were configured automatically based
on your username and hostname. Please check that they are accurate.
You can suppress this message by setting them explicitly. Run the
following command and follow the instructions in your editor to edit
your configuration file:

    git config --global --edit

After doing this, you may fix the identity used for this commit with:

    git commit --amend --reset-author

 1 file changed, 17 insertions(+)
M	.local.git.out
M	hw3.c
Your branch is up to date with 'origin/master'.
[master f874b11] Commit homework hw3
 Committer: Junaid Javed <javedj@data.cs.purdue.edu>
Your name and email address were configured automatically based
on your username and hostname. Please check that they are accurate.
You can suppress this message by setting them explicitly. Run the
following command and follow the instructions in your editor to edit
your configuration file:

    git config --global --edit

After doing this, you may fix the identity used for this commit with:

    git commit --amend --reset-author

 2 files changed, 35 insertions(+), 18 deletions(-)
M	.local.git.out
Your branch is up to date with 'origin/master'.
[master cead3a0] Commit homework hw3
 Committer: Junaid Javed <javedj@data.cs.purdue.edu>
Your name and email address were configured automatically based
on your username and hostname. Please check that they are accurate.
You can suppress this message by setting them explicitly. Run the
following command and follow the instructions in your editor to edit
your configuration file:

    git config --global --edit

After doing this, you may fix the identity used for this commit with:

    git commit --amend --reset-author

 1 file changed, 17 insertions(+)
M	.local.git.out
M	hw3.c
Your branch is up to date with 'origin/master'.
[master 08ecbdb] Commit homework hw3
 Committer: Junaid Javed <javedj@data.cs.purdue.edu>
Your name and email address were configured automatically based
on your username and hostname. Please check that they are accurate.
You can suppress this message by setting them explicitly. Run the
following command and follow the instructions in your editor to edit
your configuration file:

    git config --global --edit

After doing this, you may fix the identity used for this commit with:

    git commit --amend --reset-author

 2 files changed, 20 insertions(+), 2 deletions(-)
M	.local.git.out
M	hw3.c
Your branch is up to date with 'origin/master'.
[master efee3c0] Commit homework hw3
 Committer: Junaid Javed <javedj@data.cs.purdue.edu>
Your name and email address were configured automatically based
on your username and hostname. Please check that they are accurate.
You can suppress this message by setting them explicitly. Run the
following command and follow the instructions in your editor to edit
your configuration file:

    git config --global --edit

After doing this, you may fix the identity used for this commit with:

    git commit --amend --reset-author

 2 files changed, 19 insertions(+), 1 deletion(-)
M	.local.git.out
M	hw3.c
Your branch is up to date with 'origin/master'.
[master b765098] Commit homework hw3
 Committer: Junaid Javed <javedj@data.cs.purdue.edu>
Your name and email address were configured automatically based
on your username and hostname. Please check that they are accurate.
You can suppress this message by setting them explicitly. Run the
following command and follow the instructions in your editor to edit
your configuration file:

    git config --global --edit

After doing this, you may fix the identity used for this commit with:

    git commit --amend --reset-author

 2 files changed, 19 insertions(+), 1 deletion(-)
M	.local.git.out
Your branch is up to date with 'origin/master'.
[master da8c020] Commit homework hw3
 Committer: Junaid Javed <javedj@data.cs.purdue.edu>
Your name and email address were configured automatically based
on your username and hostname. Please check that they are accurate.
You can suppress this message by setting them explicitly. Run the
following command and follow the instructions in your editor to edit
your configuration file:

    git config --global --edit

After doing this, you may fix the identity used for this commit with:

    git commit --amend --reset-author

 1 file changed, 17 insertions(+)
M	.local.git.out
Your branch is up to date with 'origin/master'.
[master d82669f] Commit homework hw3
 Committer: Junaid Javed <javedj@data.cs.purdue.edu>
Your name and email address were configured automatically based
on your username and hostname. Please check that they are accurate.
You can suppress this message by setting them explicitly. Run the
following command and follow the instructions in your editor to edit
your configuration file:

    git config --global --edit

After doing this, you may fix the identity used for this commit with:

    git commit --amend --reset-author

 1 file changed, 17 insertions(+)
M	.local.git.out
Your branch is up to date with 'origin/master'.
[master 37ef7b8] Commit homework hw3
 Committer: Junaid Javed <javedj@data.cs.purdue.edu>
Your name and email address were configured automatically based
on your username and hostname. Please check that they are accurate.
You can suppress this message by setting them explicitly. Run the
following command and follow the instructions in your editor to edit
your configuration file:

    git config --global --edit

After doing this, you may fix the identity used for this commit with:

    git commit --amend --reset-author

 1 file changed, 17 insertions(+)
M	.local.git.out
M	hw3.c
Your branch is up to date with 'origin/master'.
[master db66065] Commit homework hw3
 Committer: Junaid Javed <javedj@data.cs.purdue.edu>
Your name and email address were configured automatically based
on your username and hostname. Please check that they are accurate.
You can suppress this message by setting them explicitly. Run the
following command and follow the instructions in your editor to edit
your configuration file:

    git config --global --edit

After doing this, you may fix the identity used for this commit with:

    git commit --amend --reset-author

 2 files changed, 19 insertions(+)
M	.local.git.out
M	hw3.c
Your branch is up to date with 'origin/master'.
[master 027de7f] Commit homework hw3
 Committer: Junaid Javed <javedj@data.cs.purdue.edu>
Your name and email address were configured automatically based
on your username and hostname. Please check that they are accurate.
You can suppress this message by setting them explicitly. Run the
following command and follow the instructions in your editor to edit
your configuration file:

    git config --global --edit

After doing this, you may fix the identity used for this commit with:

    git commit --amend --reset-author

 2 files changed, 44 insertions(+), 4 deletions(-)
M	.local.git.out
M	hw3.c
Your branch is up to date with 'origin/master'.
[master d7698ad] Commit homework hw3
 Committer: Junaid Javed <javedj@data.cs.purdue.edu>
Your name and email address were configured automatically based
on your username and hostname. Please check that they are accurate.
You can suppress this message by setting them explicitly. Run the
following command and follow the instructions in your editor to edit
your configuration file:

    git config --global --edit

After doing this, you may fix the identity used for this commit with:

    git commit --amend --reset-author

 2 files changed, 20 insertions(+), 2 deletions(-)
M	.local.git.out
M	hw3.c
Your branch is up to date with 'origin/master'.
[master 04a196e] Commit homework hw3
 Committer: Junaid Javed <javedj@data.cs.purdue.edu>
Your name and email address were configured automatically based
on your username and hostname. Please check that they are accurate.
You can suppress this message by setting them explicitly. Run the
following command and follow the instructions in your editor to edit
your configuration file:

    git config --global --edit

After doing this, you may fix the identity used for this commit with:

    git commit --amend --reset-author

 2 files changed, 19 insertions(+), 1 deletion(-)
M	.local.git.out
M	hw3.c
Your branch is up to date with 'origin/master'.
[master 7882889] Commit homework hw3
 Committer: Junaid Javed <javedj@data.cs.purdue.edu>
Your name and email address were configured automatically based
on your username and hostname. Please check that they are accurate.
You can suppress this message by setting them explicitly. Run the
following command and follow the instructions in your editor to edit
your configuration file:

    git config --global --edit

After doing this, you may fix the identity used for this commit with:

    git commit --amend --reset-author

 2 files changed, 44 insertions(+), 2 deletions(-)
M	.local.git.out
M	hw3.c
Your branch is up to date with 'origin/master'.
[master f0beec9] Commit homework hw3
 Committer: Junaid Javed <javedj@data.cs.purdue.edu>
Your name and email address were configured automatically based
on your username and hostname. Please check that they are accurate.
You can suppress this message by setting them explicitly. Run the
following command and follow the instructions in your editor to edit
your configuration file:

    git config --global --edit

After doing this, you may fix the identity used for this commit with:

    git commit --amend --reset-author

 2 files changed, 19 insertions(+), 1 deletion(-)
M	.local.git.out
M	hw3.c
Your branch is up to date with 'origin/master'.
[master 72488b8] Commit homework hw3
 Committer: Junaid Javed <javedj@data.cs.purdue.edu>
Your name and email address were configured automatically based
on your username and hostname. Please check that they are accurate.
You can suppress this message by setting them explicitly. Run the
following command and follow the instructions in your editor to edit
your configuration file:

    git config --global --edit

After doing this, you may fix the identity used for this commit with:

    git commit --amend --reset-author

 2 files changed, 19 insertions(+), 1 deletion(-)
M	.local.git.out
M	hw3.c
Your branch is up to date with 'origin/master'.
[master 1e9efe9] Commit homework hw3
 Committer: Junaid Javed <javedj@data.cs.purdue.edu>
Your name and email address were configured automatically based
on your username and hostname. Please check that they are accurate.
You can suppress this message by setting them explicitly. Run the
following command and follow the instructions in your editor to edit
your configuration file:

    git config --global --edit

After doing this, you may fix the identity used for this commit with:

    git commit --amend --reset-author

 2 files changed, 20 insertions(+), 3 deletions(-)
M	.local.git.out
M	hw3.c
Your branch is up to date with 'origin/master'.
[master f8dca9e] Commit homework hw3
 Committer: Junaid Javed <javedj@data.cs.purdue.edu>
Your name and email address were configured automatically based
on your username and hostname. Please check that they are accurate.
You can suppress this message by setting them explicitly. Run the
following command and follow the instructions in your editor to edit
your configuration file:

    git config --global --edit

After doing this, you may fix the identity used for this commit with:

    git commit --amend --reset-author

 2 files changed, 19 insertions(+), 1 deletion(-)
M	.local.git.out
M	hw3.c
Your branch is up to date with 'origin/master'.
[master 891f8cc] Commit homework hw3
 Committer: Junaid Javed <javedj@data.cs.purdue.edu>
Your name and email address were configured automatically based
on your username and hostname. Please check that they are accurate.
You can suppress this message by setting them explicitly. Run the
following command and follow the instructions in your editor to edit
your configuration file:

    git config --global --edit

After doing this, you may fix the identity used for this commit with:

    git commit --amend --reset-author

 2 files changed, 22 insertions(+), 4 deletions(-)
M	.local.git.out
M	hw3.c
Your branch is up to date with 'origin/master'.
[master 2a5f6a2] Commit homework hw3
 Committer: Junaid Javed <javedj@data.cs.purdue.edu>
Your name and email address were configured automatically based
on your username and hostname. Please check that they are accurate.
You can suppress this message by setting them explicitly. Run the
following command and follow the instructions in your editor to edit
your configuration file:

    git config --global --edit

After doing this, you may fix the identity used for this commit with:

    git commit --amend --reset-author

 2 files changed, 43 insertions(+), 3 deletions(-)
M	.local.git.out
M	hw3.c
Your branch is up to date with 'origin/master'.
[master 8a5b845] Commit homework hw3
 Committer: Junaid Javed <javedj@data.cs.purdue.edu>
Your name and email address were configured automatically based
on your username and hostname. Please check that they are accurate.
You can suppress this message by setting them explicitly. Run the
following command and follow the instructions in your editor to edit
your configuration file:

    git config --global --edit

After doing this, you may fix the identity used for this commit with:

    git commit --amend --reset-author

 2 files changed, 22 insertions(+), 3 deletions(-)
M	.local.git.out
M	hw3.c
Your branch is up to date with 'origin/master'.
[master c9b2190] Commit homework hw3
 Committer: Junaid Javed <javedj@data.cs.purdue.edu>
Your name and email address were configured automatically based
on your username and hostname. Please check that they are accurate.
You can suppress this message by setting them explicitly. Run the
following command and follow the instructions in your editor to edit
your configuration file:

    git config --global --edit

After doing this, you may fix the identity used for this commit with:

    git commit --amend --reset-author

 2 files changed, 40 insertions(+), 1 deletion(-)
M	.local.git.out
M	hw3.c
Your branch is up to date with 'origin/master'.
[master b9cf99c] Commit homework hw3
 Committer: Junaid Javed <javedj@data.cs.purdue.edu>
Your name and email address were configured automatically based
on your username and hostname. Please check that they are accurate.
You can suppress this message by setting them explicitly. Run the
following command and follow the instructions in your editor to edit
your configuration file:

    git config --global --edit

After doing this, you may fix the identity used for this commit with:

    git commit --amend --reset-author

 2 files changed, 19 insertions(+)
M	.local.git.out
M	hw3.c
Your branch is up to date with 'origin/master'.
[master e53a667] Commit homework hw3
 Committer: Junaid Javed <javedj@data.cs.purdue.edu>
Your name and email address were configured automatically based
on your username and hostname. Please check that they are accurate.
You can suppress this message by setting them explicitly. Run the
following command and follow the instructions in your editor to edit
your configuration file:

    git config --global --edit

After doing this, you may fix the identity used for this commit with:

    git commit --amend --reset-author

 2 files changed, 19 insertions(+), 1 deletion(-)
M	.local.git.out
M	hw3.c
Your branch is up to date with 'origin/master'.
[master b885267] Commit homework hw3
 Committer: Junaid Javed <javedj@data.cs.purdue.edu>
Your name and email address were configured automatically based
on your username and hostname. Please check that they are accurate.
You can suppress this message by setting them explicitly. Run the
following command and follow the instructions in your editor to edit
your configuration file:

    git config --global --edit

After doing this, you may fix the identity used for this commit with:

    git commit --amend --reset-author

 2 files changed, 19 insertions(+), 1 deletion(-)
M	.local.git.out
M	hw3.c
M	hw3.h
Your branch is up to date with 'origin/master'.
[master 992c729] Commit homework hw3
 Committer: Junaid Javed <javedj@data.cs.purdue.edu>
Your name and email address were configured automatically based
on your username and hostname. Please check that they are accurate.
You can suppress this message by setting them explicitly. Run the
following command and follow the instructions in your editor to edit
your configuration file:

    git config --global --edit

After doing this, you may fix the identity used for this commit with:

    git commit --amend --reset-author

 3 files changed, 22 insertions(+), 1 deletion(-)
M	.local.git.out
M	hw3.c
Your branch is up to date with 'origin/master'.
[master b52583e] Commit homework hw3
 Committer: Junaid Javed <javedj@data.cs.purdue.edu>
Your name and email address were configured automatically based
on your username and hostname. Please check that they are accurate.
You can suppress this message by setting them explicitly. Run the
following command and follow the instructions in your editor to edit
your configuration file:

    git config --global --edit

After doing this, you may fix the identity used for this commit with:

    git commit --amend --reset-author

 2 files changed, 19 insertions(+), 1 deletion(-)
M	.local.git.out
M	hw3.c
Your branch is up to date with 'origin/master'.
[master 79612c9] Commit homework hw3
 Committer: Junaid Javed <javedj@data.cs.purdue.edu>
Your name and email address were configured automatically based
on your username and hostname. Please check that they are accurate.
You can suppress this message by setting them explicitly. Run the
following command and follow the instructions in your editor to edit
your configuration file:

    git config --global --edit

After doing this, you may fix the identity used for this commit with:

    git commit --amend --reset-author

 2 files changed, 19 insertions(+), 2 deletions(-)
M	.local.git.out
M	hw3.c
Your branch is up to date with 'origin/master'.
[master d5bb5a1] Commit homework hw3
 Committer: Junaid Javed <javedj@data.cs.purdue.edu>
Your name and email address were configured automatically based
on your username and hostname. Please check that they are accurate.
You can suppress this message by setting them explicitly. Run the
following command and follow the instructions in your editor to edit
your configuration file:

    git config --global --edit

After doing this, you may fix the identity used for this commit with:

    git commit --amend --reset-author

 2 files changed, 19 insertions(+), 1 deletion(-)
M	.local.git.out
M	hw3.c
Your branch is up to date with 'origin/master'.
[master de97c1d] Commit homework hw3
 Committer: Junaid Javed <javedj@data.cs.purdue.edu>
Your name and email address were configured automatically based
on your username and hostname. Please check that they are accurate.
You can suppress this message by setting them explicitly. Run the
following command and follow the instructions in your editor to edit
your configuration file:

    git config --global --edit

After doing this, you may fix the identity used for this commit with:

    git commit --amend --reset-author

 2 files changed, 19 insertions(+), 1 deletion(-)
M	.local.git.out
M	hw3.c
Your branch is up to date with 'origin/master'.
[master 5c8ebd7] Commit homework hw3
 Committer: Junaid Javed <javedj@data.cs.purdue.edu>
Your name and email address were configured automatically based
on your username and hostname. Please check that they are accurate.
You can suppress this message by setting them explicitly. Run the
following command and follow the instructions in your editor to edit
your configuration file:

    git config --global --edit

After doing this, you may fix the identity used for this commit with:

    git commit --amend --reset-author

 2 files changed, 19 insertions(+), 1 deletion(-)
M	.local.git.out
M	hw3.c
Your branch is up to date with 'origin/master'.
[master 93bf6a9] Commit homework hw3
 Committer: Junaid Javed <javedj@data.cs.purdue.edu>
Your name and email address were configured automatically based
on your username and hostname. Please check that they are accurate.
You can suppress this message by setting them explicitly. Run the
following command and follow the instructions in your editor to edit
your configuration file:

    git config --global --edit

After doing this, you may fix the identity used for this commit with:

    git commit --amend --reset-author

 2 files changed, 19 insertions(+), 1 deletion(-)
M	.local.git.out
M	hw3.c
Your branch is up to date with 'origin/master'.
[master bcade66] Commit homework hw3
 Committer: Junaid Javed <javedj@data.cs.purdue.edu>
Your name and email address were configured automatically based
on your username and hostname. Please check that they are accurate.
You can suppress this message by setting them explicitly. Run the
following command and follow the instructions in your editor to edit
your configuration file:

    git config --global --edit

After doing this, you may fix the identity used for this commit with:

    git commit --amend --reset-author

 2 files changed, 19 insertions(+), 1 deletion(-)
M	.local.git.out
M	hw3.c
Your branch is up to date with 'origin/master'.
[master fdf2896] Commit homework hw3
 Committer: Junaid Javed <javedj@data.cs.purdue.edu>
Your name and email address were configured automatically based
on your username and hostname. Please check that they are accurate.
You can suppress this message by setting them explicitly. Run the
following command and follow the instructions in your editor to edit
your configuration file:

    git config --global --edit

After doing this, you may fix the identity used for this commit with:

    git commit --amend --reset-author

 2 files changed, 20 insertions(+), 10 deletions(-)
M	.local.git.out
Your branch is up to date with 'origin/master'.
[master e9cd960] Commit homework hw3
 Committer: Junaid Javed <javedj@data.cs.purdue.edu>
Your name and email address were configured automatically based
on your username and hostname. Please check that they are accurate.
You can suppress this message by setting them explicitly. Run the
following command and follow the instructions in your editor to edit
your configuration file:

    git config --global --edit

After doing this, you may fix the identity used for this commit with:

    git commit --amend --reset-author

 1 file changed, 17 insertions(+)
M	.local.git.out
M	hw3.c
Your branch is up to date with 'origin/master'.
[master 24a9a04] Commit homework hw3
 Committer: Junaid Javed <javedj@data.cs.purdue.edu>
Your name and email address were configured automatically based
on your username and hostname. Please check that they are accurate.
You can suppress this message by setting them explicitly. Run the
following command and follow the instructions in your editor to edit
your configuration file:

    git config --global --edit

After doing this, you may fix the identity used for this commit with:

    git commit --amend --reset-author

 2 files changed, 19 insertions(+), 1 deletion(-)
M	.local.git.out
Your branch is up to date with 'origin/master'.
[master 4152d85] Commit homework hw3
 Committer: Junaid Javed <javedj@data.cs.purdue.edu>
Your name and email address were configured automatically based
on your username and hostname. Please check that they are accurate.
You can suppress this message by setting them explicitly. Run the
following command and follow the instructions in your editor to edit
your configuration file:

    git config --global --edit

After doing this, you may fix the identity used for this commit with:

    git commit --amend --reset-author

 1 file changed, 17 insertions(+)
M	.local.git.out
M	hw3.c
Your branch is up to date with 'origin/master'.
[master e371190] Commit homework hw3
 Committer: Junaid Javed <javedj@data.cs.purdue.edu>
Your name and email address were configured automatically based
on your username and hostname. Please check that they are accurate.
You can suppress this message by setting them explicitly. Run the
following command and follow the instructions in your editor to edit
your configuration file:

    git config --global --edit

After doing this, you may fix the identity used for this commit with:

    git commit --amend --reset-author

 2 files changed, 41 insertions(+), 5 deletions(-)
M	.local.git.out
M	hw3.c
Your branch is up to date with 'origin/master'.
[master d45bb4f] Commit homework hw3
 Committer: Junaid Javed <javedj@data.cs.purdue.edu>
Your name and email address were configured automatically based
on your username and hostname. Please check that they are accurate.
You can suppress this message by setting them explicitly. Run the
following command and follow the instructions in your editor to edit
your configuration file:

    git config --global --edit

After doing this, you may fix the identity used for this commit with:

    git commit --amend --reset-author

 2 files changed, 19 insertions(+)
M	.local.git.out
M	hw3.c
Your branch is up to date with 'origin/master'.
[master fa6b0b1] Commit homework hw3
 Committer: Junaid Javed <javedj@data.cs.purdue.edu>
Your name and email address were configured automatically based
on your username and hostname. Please check that they are accurate.
You can suppress this message by setting them explicitly. Run the
following command and follow the instructions in your editor to edit
your configuration file:

    git config --global --edit

After doing this, you may fix the identity used for this commit with:

    git commit --amend --reset-author

 2 files changed, 44 insertions(+), 1 deletion(-)
M	.local.git.out
M	hw3.c
Your branch is up to date with 'origin/master'.
[master b1cfbbb] Commit homework hw3
 Committer: Junaid Javed <javedj@data.cs.purdue.edu>
Your name and email address were configured automatically based
on your username and hostname. Please check that they are accurate.
You can suppress this message by setting them explicitly. Run the
following command and follow the instructions in your editor to edit
your configuration file:

    git config --global --edit

After doing this, you may fix the identity used for this commit with:

    git commit --amend --reset-author

 2 files changed, 21 insertions(+), 3 deletions(-)
M	.local.git.out
M	hw3.c
Your branch is up to date with 'origin/master'.
[master 104c505] Commit homework hw3
 Committer: Junaid Javed <javedj@data.cs.purdue.edu>
Your name and email address were configured automatically based
on your username and hostname. Please check that they are accurate.
You can suppress this message by setting them explicitly. Run the
following command and follow the instructions in your editor to edit
your configuration file:

    git config --global --edit

After doing this, you may fix the identity used for this commit with:

    git commit --amend --reset-author

 2 files changed, 49 insertions(+), 2 deletions(-)
M	.local.git.out
M	hw3.c
Your branch is up to date with 'origin/master'.
[master 6a47c94] Commit homework hw3
 Committer: Junaid Javed <javedj@data.cs.purdue.edu>
Your name and email address were configured automatically based
on your username and hostname. Please check that they are accurate.
You can suppress this message by setting them explicitly. Run the
following command and follow the instructions in your editor to edit
your configuration file:

    git config --global --edit

After doing this, you may fix the identity used for this commit with:

    git commit --amend --reset-author

 2 files changed, 26 insertions(+), 3 deletions(-)
M	.local.git.out
M	hw3.c
Your branch is up to date with 'origin/master'.
[master 30d20f7] Commit homework hw3
 Committer: Junaid Javed <javedj@data.cs.purdue.edu>
Your name and email address were configured automatically based
on your username and hostname. Please check that they are accurate.
You can suppress this message by setting them explicitly. Run the
following command and follow the instructions in your editor to edit
your configuration file:

    git config --global --edit

After doing this, you may fix the identity used for this commit with:

    git commit --amend --reset-author

 2 files changed, 19 insertions(+), 1 deletion(-)
M	.local.git.out
M	hw3.c
Your branch is up to date with 'origin/master'.
[master 5990f66] Commit homework hw3
 Committer: Junaid Javed <javedj@data.cs.purdue.edu>
Your name and email address were configured automatically based
on your username and hostname. Please check that they are accurate.
You can suppress this message by setting them explicitly. Run the
following command and follow the instructions in your editor to edit
your configuration file:

    git config --global --edit

After doing this, you may fix the identity used for this commit with:

    git commit --amend --reset-author

 2 files changed, 22 insertions(+), 4 deletions(-)
M	.local.git.out
M	hw3.c
Your branch is up to date with 'origin/master'.
[master 0790829] Commit homework hw3
 Committer: Junaid Javed <javedj@data.cs.purdue.edu>
Your name and email address were configured automatically based
on your username and hostname. Please check that they are accurate.
You can suppress this message by setting them explicitly. Run the
following command and follow the instructions in your editor to edit
your configuration file:

    git config --global --edit

After doing this, you may fix the identity used for this commit with:

    git commit --amend --reset-author

 2 files changed, 19 insertions(+), 1 deletion(-)
M	.local.git.out
M	hw3.c
Your branch is up to date with 'origin/master'.
[master 1601561] Commit homework hw3
 Committer: Junaid Javed <javedj@data.cs.purdue.edu>
Your name and email address were configured automatically based
on your username and hostname. Please check that they are accurate.
You can suppress this message by setting them explicitly. Run the
following command and follow the instructions in your editor to edit
your configuration file:

    git config --global --edit

After doing this, you may fix the identity used for this commit with:

    git commit --amend --reset-author

 2 files changed, 19 insertions(+), 1 deletion(-)
M	.local.git.out
M	hw3.c
Your branch is up to date with 'origin/master'.
[master 1315400] Commit homework hw3
 Committer: Junaid Javed <javedj@data.cs.purdue.edu>
Your name and email address were configured automatically based
on your username and hostname. Please check that they are accurate.
You can suppress this message by setting them explicitly. Run the
following command and follow the instructions in your editor to edit
your configuration file:

    git config --global --edit

After doing this, you may fix the identity used for this commit with:

    git commit --amend --reset-author

 2 files changed, 20 insertions(+), 1 deletion(-)
M	.local.git.out
M	hw3.c
Your branch is up to date with 'origin/master'.
[master cd49677] Commit homework hw3
 Committer: Junaid Javed <javedj@data.cs.purdue.edu>
Your name and email address were configured automatically based
on your username and hostname. Please check that they are accurate.
You can suppress this message by setting them explicitly. Run the
following command and follow the instructions in your editor to edit
your configuration file:

    git config --global --edit

After doing this, you may fix the identity used for this commit with:

    git commit --amend --reset-author

 2 files changed, 20 insertions(+), 2 deletions(-)
M	.local.git.out
M	hw3.c
Your branch is up to date with 'origin/master'.
[master 901d9ed] Commit homework hw3
 Committer: Junaid Javed <javedj@data.cs.purdue.edu>
Your name and email address were configured automatically based
on your username and hostname. Please check that they are accurate.
You can suppress this message by setting them explicitly. Run the
following command and follow the instructions in your editor to edit
your configuration file:

    git config --global --edit

After doing this, you may fix the identity used for this commit with:

    git commit --amend --reset-author

 2 files changed, 19 insertions(+), 1 deletion(-)
M	.local.git.out
M	hw3.c
Your branch is up to date with 'origin/master'.
[master aea3857] Commit homework hw3
 Committer: Junaid Javed <javedj@data.cs.purdue.edu>
Your name and email address were configured automatically based
on your username and hostname. Please check that they are accurate.
You can suppress this message by setting them explicitly. Run the
following command and follow the instructions in your editor to edit
your configuration file:

    git config --global --edit

After doing this, you may fix the identity used for this commit with:

    git commit --amend --reset-author

 2 files changed, 21 insertions(+)
M	.local.git.out
M	hw3.c
Your branch is up to date with 'origin/master'.
[master b58ce79] Commit homework hw3
 Committer: Junaid Javed <javedj@data.cs.purdue.edu>
Your name and email address were configured automatically based
on your username and hostname. Please check that they are accurate.
You can suppress this message by setting them explicitly. Run the
following command and follow the instructions in your editor to edit
your configuration file:

    git config --global --edit

After doing this, you may fix the identity used for this commit with:

    git commit --amend --reset-author

 2 files changed, 86 insertions(+), 45 deletions(-)
M	.local.git.out
Your branch is up to date with 'origin/master'.
[master 21536a4] Commit homework hw3
 Committer: Junaid Javed <javedj@data.cs.purdue.edu>
Your name and email address were configured automatically based
on your username and hostname. Please check that they are accurate.
You can suppress this message by setting them explicitly. Run the
following command and follow the instructions in your editor to edit
your configuration file:

    git config --global --edit

After doing this, you may fix the identity used for this commit with:

    git commit --amend --reset-author

 1 file changed, 17 insertions(+)
M	.local.git.out
Your branch is up to date with 'origin/master'.
[master a342658] Submission for homework hw3
 Committer: Junaid Javed <javedj@data.cs.purdue.edu>
Your name and email address were configured automatically based
on your username and hostname. Please check that they are accurate.
You can suppress this message by setting them explicitly. Run the
following command and follow the instructions in your editor to edit
your configuration file:

    git config --global --edit

After doing this, you may fix the identity used for this commit with:

    git commit --amend --reset-author

 1 file changed, 17 insertions(+)
M	.local.git.out
M	hw3.c
Your branch is up to date with 'origin/master'.
[master 7603354] Commit homework hw3
 Committer: Junaid Javed <javedj@data.cs.purdue.edu>
Your name and email address were configured automatically based
on your username and hostname. Please check that they are accurate.
You can suppress this message by setting them explicitly. Run the
following command and follow the instructions in your editor to edit
your configuration file:

    git config --global --edit

After doing this, you may fix the identity used for this commit with:

    git commit --amend --reset-author

 2 files changed, 38 insertions(+), 8 deletions(-)
M	.local.git.out
Your branch is up to date with 'origin/master'.
[master 8a26813] Submission for homework hw3
 Committer: Junaid Javed <javedj@data.cs.purdue.edu>
Your name and email address were configured automatically based
on your username and hostname. Please check that they are accurate.
You can suppress this message by setting them explicitly. Run the
following command and follow the instructions in your editor to edit
your configuration file:

    git config --global --edit

After doing this, you may fix the identity used for this commit with:

    git commit --amend --reset-author

 1 file changed, 17 insertions(+)
M	.local.git.out
Your branch is up to date with 'origin/master'.
[master 1edfe12] Submission for homework hw3
 Committer: Junaid Javed <javedj@data.cs.purdue.edu>
Your name and email address were configured automatically based
on your username and hostname. Please check that they are accurate.
You can suppress this message by setting them explicitly. Run the
following command and follow the instructions in your editor to edit
your configuration file:

    git config --global --edit

After doing this, you may fix the identity used for this commit with:

    git commit --amend --reset-author

 1 file changed, 17 insertions(+)
M	.local.git.out
Your branch is up to date with 'origin/master'.
[master bb1bbbf] Commit homework hw3
 Committer: Junaid Javed <javedj@data.cs.purdue.edu>
Your name and email address were configured automatically based
on your username and hostname. Please check that they are accurate.
You can suppress this message by setting them explicitly. Run the
following command and follow the instructions in your editor to edit
your configuration file:

    git config --global --edit

After doing this, you may fix the identity used for this commit with:

    git commit --amend --reset-author

 1 file changed, 17 insertions(+)
M	.local.git.out
M	hw3.c
Your branch is up to date with 'origin/master'.
[master 13ba08e] Commit homework hw3
 Committer: Junaid Javed <javedj@borg02.cs.purdue.edu>
Your name and email address were configured automatically based
on your username and hostname. Please check that they are accurate.
You can suppress this message by setting them explicitly. Run the
following command and follow the instructions in your editor to edit
your configuration file:

    git config --global --edit

After doing this, you may fix the identity used for this commit with:

    git commit --amend --reset-author

 2 files changed, 33 insertions(+), 10 deletions(-)
M	.local.git.out
M	hw3.c
Your branch is up to date with 'origin/master'.
[master d6e4e3f] Submission for homework hw3
 Committer: Junaid Javed <javedj@borg02.cs.purdue.edu>
Your name and email address were configured automatically based
on your username and hostname. Please check that they are accurate.
You can suppress this message by setting them explicitly. Run the
following command and follow the instructions in your editor to edit
your configuration file:

    git config --global --edit

After doing this, you may fix the identity used for this commit with:

    git commit --amend --reset-author

 2 files changed, 19 insertions(+), 1 deletion(-)
