M	hw9.c
Your branch is up to date with 'origin/master'.
[master a468f97] Commit homework hw9
 Committer: Junaid Javed <javedj@data.cs.purdue.edu>
Your name and email address were configured automatically based
on your username and hostname. Please check that they are accurate.
You can suppress this message by setting them explicitly. Run the
following command and follow the instructions in your editor to edit
your configuration file:

    git config --global --edit

After doing this, you may fix the identity used for this commit with:

    git commit --amend --reset-author

 1 file changed, 255 insertions(+), 25 deletions(-)
 rewrite hw9.c (81%)
Your branch is up to date with 'origin/master'.
On branch master
Your branch is up to date with 'origin/master'.

Untracked files:
	.local.git.out
	hw9.o

nothing added to commit but untracked files present
M	hw9.c
Your branch is up to date with 'origin/master'.
[master 30fafc6] Commit homework hw9
 Committer: Junaid Javed <javedj@data.cs.purdue.edu>
Your name and email address were configured automatically based
on your username and hostname. Please check that they are accurate.
You can suppress this message by setting them explicitly. Run the
following command and follow the instructions in your editor to edit
your configuration file:

    git config --global --edit

After doing this, you may fix the identity used for this commit with:

    git commit --amend --reset-author

 1 file changed, 21 insertions(+), 1 deletion(-)
M	hw9.c
Your branch is up to date with 'origin/master'.
[master 84e6d5e] Commit homework hw9
 Committer: Junaid Javed <javedj@data.cs.purdue.edu>
Your name and email address were configured automatically based
on your username and hostname. Please check that they are accurate.
You can suppress this message by setting them explicitly. Run the
following command and follow the instructions in your editor to edit
your configuration file:

    git config --global --edit

After doing this, you may fix the identity used for this commit with:

    git commit --amend --reset-author

 1 file changed, 1 insertion(+)
M	hw9.c
Your branch is up to date with 'origin/master'.
[master 2df0de9] Commit homework hw9
 Committer: Junaid Javed <javedj@data.cs.purdue.edu>
Your name and email address were configured automatically based
on your username and hostname. Please check that they are accurate.
You can suppress this message by setting them explicitly. Run the
following command and follow the instructions in your editor to edit
your configuration file:

    git config --global --edit

After doing this, you may fix the identity used for this commit with:

    git commit --amend --reset-author

 1 file changed, 1 insertion(+), 1 deletion(-)
M	hw9.c
Your branch is up to date with 'origin/master'.
[master 485e1e2] Commit homework hw9
 Committer: Junaid Javed <javedj@data.cs.purdue.edu>
Your name and email address were configured automatically based
on your username and hostname. Please check that they are accurate.
You can suppress this message by setting them explicitly. Run the
following command and follow the instructions in your editor to edit
your configuration file:

    git config --global --edit

After doing this, you may fix the identity used for this commit with:

    git commit --amend --reset-author

 1 file changed, 1 insertion(+), 1 deletion(-)
M	hw9.c
Your branch is up to date with 'origin/master'.
[master 31e760f] Commit homework hw9
 Committer: Junaid Javed <javedj@data.cs.purdue.edu>
Your name and email address were configured automatically based
on your username and hostname. Please check that they are accurate.
You can suppress this message by setting them explicitly. Run the
following command and follow the instructions in your editor to edit
your configuration file:

    git config --global --edit

After doing this, you may fix the identity used for this commit with:

    git commit --amend --reset-author

 1 file changed, 1 insertion(+), 1 deletion(-)
M	hw9.c
Your branch is up to date with 'origin/master'.
[master 2f32ec6] Commit homework hw9
 Committer: Junaid Javed <javedj@data.cs.purdue.edu>
Your name and email address were configured automatically based
on your username and hostname. Please check that they are accurate.
You can suppress this message by setting them explicitly. Run the
following command and follow the instructions in your editor to edit
your configuration file:

    git config --global --edit

After doing this, you may fix the identity used for this commit with:

    git commit --amend --reset-author

 1 file changed, 2 insertions(+), 2 deletions(-)
M	hw9.c
Your branch is up to date with 'origin/master'.
[master 1683a95] Commit homework hw9
 Committer: Junaid Javed <javedj@data.cs.purdue.edu>
Your name and email address were configured automatically based
on your username and hostname. Please check that they are accurate.
You can suppress this message by setting them explicitly. Run the
following command and follow the instructions in your editor to edit
your configuration file:

    git config --global --edit

After doing this, you may fix the identity used for this commit with:

    git commit --amend --reset-author

 1 file changed, 1 insertion(+)
M	hw9.c
Your branch is up to date with 'origin/master'.
[master 43e4874] Commit homework hw9
 Committer: Junaid Javed <javedj@data.cs.purdue.edu>
Your name and email address were configured automatically based
on your username and hostname. Please check that they are accurate.
You can suppress this message by setting them explicitly. Run the
following command and follow the instructions in your editor to edit
your configuration file:

    git config --global --edit

After doing this, you may fix the identity used for this commit with:

    git commit --amend --reset-author

 1 file changed, 1 insertion(+)
M	hw9.c
Your branch is up to date with 'origin/master'.
[master aacd922] Commit homework hw9
 Committer: Junaid Javed <javedj@data.cs.purdue.edu>
Your name and email address were configured automatically based
on your username and hostname. Please check that they are accurate.
You can suppress this message by setting them explicitly. Run the
following command and follow the instructions in your editor to edit
your configuration file:

    git config --global --edit

After doing this, you may fix the identity used for this commit with:

    git commit --amend --reset-author

 1 file changed, 1 deletion(-)
M	hw9.c
Your branch is up to date with 'origin/master'.
[master fa4a529] Commit homework hw9
 Committer: Junaid Javed <javedj@data.cs.purdue.edu>
Your name and email address were configured automatically based
on your username and hostname. Please check that they are accurate.
You can suppress this message by setting them explicitly. Run the
following command and follow the instructions in your editor to edit
your configuration file:

    git config --global --edit

After doing this, you may fix the identity used for this commit with:

    git commit --amend --reset-author

 1 file changed, 1 insertion(+)
M	hw9.c
Your branch is up to date with 'origin/master'.
[master 6d5b964] Commit homework hw9
 Committer: Junaid Javed <javedj@data.cs.purdue.edu>
Your name and email address were configured automatically based
on your username and hostname. Please check that they are accurate.
You can suppress this message by setting them explicitly. Run the
following command and follow the instructions in your editor to edit
your configuration file:

    git config --global --edit

After doing this, you may fix the identity used for this commit with:

    git commit --amend --reset-author

 1 file changed, 1 deletion(-)
M	hw9.c
Your branch is up to date with 'origin/master'.
[master cd0a3ad] Commit homework hw9
 Committer: Junaid Javed <javedj@data.cs.purdue.edu>
Your name and email address were configured automatically based
on your username and hostname. Please check that they are accurate.
You can suppress this message by setting them explicitly. Run the
following command and follow the instructions in your editor to edit
your configuration file:

    git config --global --edit

After doing this, you may fix the identity used for this commit with:

    git commit --amend --reset-author

 1 file changed, 1 insertion(+)
M	hw9.c
Your branch is up to date with 'origin/master'.
[master b56a303] Commit homework hw9
 Committer: Junaid Javed <javedj@data.cs.purdue.edu>
Your name and email address were configured automatically based
on your username and hostname. Please check that they are accurate.
You can suppress this message by setting them explicitly. Run the
following command and follow the instructions in your editor to edit
your configuration file:

    git config --global --edit

After doing this, you may fix the identity used for this commit with:

    git commit --amend --reset-author

 1 file changed, 1 insertion(+)
M	hw9.c
Your branch is up to date with 'origin/master'.
[master 831d5ea] Commit homework hw9
 Committer: Junaid Javed <javedj@data.cs.purdue.edu>
Your name and email address were configured automatically based
on your username and hostname. Please check that they are accurate.
You can suppress this message by setting them explicitly. Run the
following command and follow the instructions in your editor to edit
your configuration file:

    git config --global --edit

After doing this, you may fix the identity used for this commit with:

    git commit --amend --reset-author

 1 file changed, 13 insertions(+)
M	hw9.c
Your branch is up to date with 'origin/master'.
[master 049e221] Commit homework hw9
 Committer: Junaid Javed <javedj@data.cs.purdue.edu>
Your name and email address were configured automatically based
on your username and hostname. Please check that they are accurate.
You can suppress this message by setting them explicitly. Run the
following command and follow the instructions in your editor to edit
your configuration file:

    git config --global --edit

After doing this, you may fix the identity used for this commit with:

    git commit --amend --reset-author

 1 file changed, 1 insertion(+)
Your branch is up to date with 'origin/master'.
On branch master
Your branch is up to date with 'origin/master'.

Untracked files:
	.local.git.out
	hw9.o
	hw9_test

nothing added to commit but untracked files present
M	hw9.c
Your branch is up to date with 'origin/master'.
[master 4e55ac9] Commit homework hw9
 Committer: Junaid Javed <javedj@data.cs.purdue.edu>
Your name and email address were configured automatically based
on your username and hostname. Please check that they are accurate.
You can suppress this message by setting them explicitly. Run the
following command and follow the instructions in your editor to edit
your configuration file:

    git config --global --edit

After doing this, you may fix the identity used for this commit with:

    git commit --amend --reset-author

 1 file changed, 1 deletion(-)
M	hw9.c
Your branch is up to date with 'origin/master'.
[master 1f1a24b] Commit homework hw9
 Committer: Junaid Javed <javedj@data.cs.purdue.edu>
Your name and email address were configured automatically based
on your username and hostname. Please check that they are accurate.
You can suppress this message by setting them explicitly. Run the
following command and follow the instructions in your editor to edit
your configuration file:

    git config --global --edit

After doing this, you may fix the identity used for this commit with:

    git commit --amend --reset-author

 1 file changed, 2 insertions(+), 2 deletions(-)
M	hw9.c
Your branch is up to date with 'origin/master'.
[master 151b219] Commit homework hw9
 Committer: Junaid Javed <javedj@data.cs.purdue.edu>
Your name and email address were configured automatically based
on your username and hostname. Please check that they are accurate.
You can suppress this message by setting them explicitly. Run the
following command and follow the instructions in your editor to edit
your configuration file:

    git config --global --edit

After doing this, you may fix the identity used for this commit with:

    git commit --amend --reset-author

 1 file changed, 4 insertions(+), 2 deletions(-)
M	hw9.c
Your branch is up to date with 'origin/master'.
[master 8f6dcfc] Commit homework hw9
 Committer: Junaid Javed <javedj@data.cs.purdue.edu>
Your name and email address were configured automatically based
on your username and hostname. Please check that they are accurate.
You can suppress this message by setting them explicitly. Run the
following command and follow the instructions in your editor to edit
your configuration file:

    git config --global --edit

After doing this, you may fix the identity used for this commit with:

    git commit --amend --reset-author

 1 file changed, 1 insertion(+), 1 deletion(-)
M	hw9.c
Your branch is up to date with 'origin/master'.
[master 6dc8c43] Commit homework hw9
 Committer: Junaid Javed <javedj@data.cs.purdue.edu>
Your name and email address were configured automatically based
on your username and hostname. Please check that they are accurate.
You can suppress this message by setting them explicitly. Run the
following command and follow the instructions in your editor to edit
your configuration file:

    git config --global --edit

After doing this, you may fix the identity used for this commit with:

    git commit --amend --reset-author

 1 file changed, 1 insertion(+)
M	hw9.c
Your branch is up to date with 'origin/master'.
[master 346d445] Commit homework hw9
 Committer: Junaid Javed <javedj@data.cs.purdue.edu>
Your name and email address were configured automatically based
on your username and hostname. Please check that they are accurate.
You can suppress this message by setting them explicitly. Run the
following command and follow the instructions in your editor to edit
your configuration file:

    git config --global --edit

After doing this, you may fix the identity used for this commit with:

    git commit --amend --reset-author

 1 file changed, 1 deletion(-)
M	hw9.c
Your branch is up to date with 'origin/master'.
[master e0d2725] Commit homework hw9
 Committer: Junaid Javed <javedj@data.cs.purdue.edu>
Your name and email address were configured automatically based
on your username and hostname. Please check that they are accurate.
You can suppress this message by setting them explicitly. Run the
following command and follow the instructions in your editor to edit
your configuration file:

    git config --global --edit

After doing this, you may fix the identity used for this commit with:

    git commit --amend --reset-author

 1 file changed, 9 insertions(+), 1 deletion(-)
M	hw9.c
Your branch is up to date with 'origin/master'.
[master 5cf3391] Commit homework hw9
 Committer: Junaid Javed <javedj@data.cs.purdue.edu>
Your name and email address were configured automatically based
on your username and hostname. Please check that they are accurate.
You can suppress this message by setting them explicitly. Run the
following command and follow the instructions in your editor to edit
your configuration file:

    git config --global --edit

After doing this, you may fix the identity used for this commit with:

    git commit --amend --reset-author

 1 file changed, 9 insertions(+), 7 deletions(-)
M	hw9.c
Your branch is up to date with 'origin/master'.
[master 0aa1b26] Commit homework hw9
 Committer: Junaid Javed <javedj@data.cs.purdue.edu>
Your name and email address were configured automatically based
on your username and hostname. Please check that they are accurate.
You can suppress this message by setting them explicitly. Run the
following command and follow the instructions in your editor to edit
your configuration file:

    git config --global --edit

After doing this, you may fix the identity used for this commit with:

    git commit --amend --reset-author

 1 file changed, 15 insertions(+), 13 deletions(-)
M	hw9.c
Your branch is up to date with 'origin/master'.
[master 5e1ba3f] Commit homework hw9
 Committer: Junaid Javed <javedj@data.cs.purdue.edu>
Your name and email address were configured automatically based
on your username and hostname. Please check that they are accurate.
You can suppress this message by setting them explicitly. Run the
following command and follow the instructions in your editor to edit
your configuration file:

    git config --global --edit

After doing this, you may fix the identity used for this commit with:

    git commit --amend --reset-author

 1 file changed, 1 insertion(+), 1 deletion(-)
M	hw9.c
Your branch is up to date with 'origin/master'.
[master c005b44] Commit homework hw9
 Committer: Junaid Javed <javedj@data.cs.purdue.edu>
Your name and email address were configured automatically based
on your username and hostname. Please check that they are accurate.
You can suppress this message by setting them explicitly. Run the
following command and follow the instructions in your editor to edit
your configuration file:

    git config --global --edit

After doing this, you may fix the identity used for this commit with:

    git commit --amend --reset-author

 1 file changed, 15 insertions(+), 14 deletions(-)
M	hw9.c
Your branch is up to date with 'origin/master'.
[master acd086b] Commit homework hw9
 Committer: Junaid Javed <javedj@data.cs.purdue.edu>
Your name and email address were configured automatically based
on your username and hostname. Please check that they are accurate.
You can suppress this message by setting them explicitly. Run the
following command and follow the instructions in your editor to edit
your configuration file:

    git config --global --edit

After doing this, you may fix the identity used for this commit with:

    git commit --amend --reset-author

 1 file changed, 1 insertion(+)
M	hw9.c
Your branch is up to date with 'origin/master'.
[master 557ae52] Commit homework hw9
 Committer: Junaid Javed <javedj@data.cs.purdue.edu>
Your name and email address were configured automatically based
on your username and hostname. Please check that they are accurate.
You can suppress this message by setting them explicitly. Run the
following command and follow the instructions in your editor to edit
your configuration file:

    git config --global --edit

After doing this, you may fix the identity used for this commit with:

    git commit --amend --reset-author

 1 file changed, 1 insertion(+)
M	hw9.c
Your branch is up to date with 'origin/master'.
[master 2529cd7] Commit homework hw9
 Committer: Junaid Javed <javedj@data.cs.purdue.edu>
Your name and email address were configured automatically based
on your username and hostname. Please check that they are accurate.
You can suppress this message by setting them explicitly. Run the
following command and follow the instructions in your editor to edit
your configuration file:

    git config --global --edit

After doing this, you may fix the identity used for this commit with:

    git commit --amend --reset-author

 1 file changed, 35 insertions(+), 3 deletions(-)
M	hw9.c
Your branch is up to date with 'origin/master'.
[master b68aeb7] Commit homework hw9
 Committer: Junaid Javed <javedj@data.cs.purdue.edu>
Your name and email address were configured automatically based
on your username and hostname. Please check that they are accurate.
You can suppress this message by setting them explicitly. Run the
following command and follow the instructions in your editor to edit
your configuration file:

    git config --global --edit

After doing this, you may fix the identity used for this commit with:

    git commit --amend --reset-author

 1 file changed, 18 insertions(+), 8 deletions(-)
Your branch is up to date with 'origin/master'.
On branch master
Your branch is up to date with 'origin/master'.

Untracked files:
	.local.git.out
	.vscode/
	hw9.o
	hw9_test

nothing added to commit but untracked files present
M	hw9.c
Your branch is up to date with 'origin/master'.
[master 8828b8b] Commit homework hw9
 Committer: Junaid Javed <javedj@data.cs.purdue.edu>
Your name and email address were configured automatically based
on your username and hostname. Please check that they are accurate.
You can suppress this message by setting them explicitly. Run the
following command and follow the instructions in your editor to edit
your configuration file:

    git config --global --edit

After doing this, you may fix the identity used for this commit with:

    git commit --amend --reset-author

 1 file changed, 22 insertions(+), 2 deletions(-)
M	hw9.c
Your branch is up to date with 'origin/master'.
[master 1433c32] Commit homework hw9
 Committer: Junaid Javed <javedj@data.cs.purdue.edu>
Your name and email address were configured automatically based
on your username and hostname. Please check that they are accurate.
You can suppress this message by setting them explicitly. Run the
following command and follow the instructions in your editor to edit
your configuration file:

    git config --global --edit

After doing this, you may fix the identity used for this commit with:

    git commit --amend --reset-author

 1 file changed, 29 insertions(+), 1 deletion(-)
M	hw9.c
Your branch is up to date with 'origin/master'.
[master 8a0f0e0] Commit homework hw9
 Committer: Junaid Javed <javedj@data.cs.purdue.edu>
Your name and email address were configured automatically based
on your username and hostname. Please check that they are accurate.
You can suppress this message by setting them explicitly. Run the
following command and follow the instructions in your editor to edit
your configuration file:

    git config --global --edit

After doing this, you may fix the identity used for this commit with:

    git commit --amend --reset-author

 1 file changed, 1 insertion(+)
M	hw9.c
Your branch is up to date with 'origin/master'.
[master 86e9a1c] Commit homework hw9
 Committer: Junaid Javed <javedj@data.cs.purdue.edu>
Your name and email address were configured automatically based
on your username and hostname. Please check that they are accurate.
You can suppress this message by setting them explicitly. Run the
following command and follow the instructions in your editor to edit
your configuration file:

    git config --global --edit

After doing this, you may fix the identity used for this commit with:

    git commit --amend --reset-author

 1 file changed, 7 insertions(+)
M	hw9.c
Your branch is up to date with 'origin/master'.
[master fcb76a9] Commit homework hw9
 Committer: Junaid Javed <javedj@data.cs.purdue.edu>
Your name and email address were configured automatically based
on your username and hostname. Please check that they are accurate.
You can suppress this message by setting them explicitly. Run the
following command and follow the instructions in your editor to edit
your configuration file:

    git config --global --edit

After doing this, you may fix the identity used for this commit with:

    git commit --amend --reset-author

 1 file changed, 3 deletions(-)
Your branch is up to date with 'origin/master'.
On branch master
Your branch is up to date with 'origin/master'.

Untracked files:
	.local.git.out
	.vscode/
	hw9.o
	hw9_test

nothing added to commit but untracked files present
M	hw9.c
Your branch is up to date with 'origin/master'.
[master 5d8ee33] Commit homework hw9
 Committer: Junaid Javed <javedj@data.cs.purdue.edu>
Your name and email address were configured automatically based
on your username and hostname. Please check that they are accurate.
You can suppress this message by setting them explicitly. Run the
following command and follow the instructions in your editor to edit
your configuration file:

    git config --global --edit

After doing this, you may fix the identity used for this commit with:

    git commit --amend --reset-author

 1 file changed, 3 deletions(-)
M	hw9.c
Your branch is up to date with 'origin/master'.
[master ca1d054] Commit homework hw9
 Committer: Junaid Javed <javedj@data.cs.purdue.edu>
Your name and email address were configured automatically based
on your username and hostname. Please check that they are accurate.
You can suppress this message by setting them explicitly. Run the
following command and follow the instructions in your editor to edit
your configuration file:

    git config --global --edit

After doing this, you may fix the identity used for this commit with:

    git commit --amend --reset-author

 1 file changed, 1 insertion(+)
M	hw9.c
Your branch is up to date with 'origin/master'.
[master e55db73] Commit homework hw9
 Committer: Junaid Javed <javedj@data.cs.purdue.edu>
Your name and email address were configured automatically based
on your username and hostname. Please check that they are accurate.
You can suppress this message by setting them explicitly. Run the
following command and follow the instructions in your editor to edit
your configuration file:

    git config --global --edit

After doing this, you may fix the identity used for this commit with:

    git commit --amend --reset-author

 1 file changed, 1 insertion(+), 1 deletion(-)
M	hw9.c
Your branch is up to date with 'origin/master'.
[master 1615aed] Commit homework hw9
 Committer: Junaid Javed <javedj@data.cs.purdue.edu>
Your name and email address were configured automatically based
on your username and hostname. Please check that they are accurate.
You can suppress this message by setting them explicitly. Run the
following command and follow the instructions in your editor to edit
your configuration file:

    git config --global --edit

After doing this, you may fix the identity used for this commit with:

    git commit --amend --reset-author

 1 file changed, 4 insertions(+)
M	hw9.c
Your branch is up to date with 'origin/master'.
[master 0df2d49] Commit homework hw9
 Committer: Junaid Javed <javedj@data.cs.purdue.edu>
Your name and email address were configured automatically based
on your username and hostname. Please check that they are accurate.
You can suppress this message by setting them explicitly. Run the
following command and follow the instructions in your editor to edit
your configuration file:

    git config --global --edit

After doing this, you may fix the identity used for this commit with:

    git commit --amend --reset-author

 1 file changed, 58 insertions(+), 1 deletion(-)
M	hw9.c
Your branch is up to date with 'origin/master'.
[master cda7282] Commit homework hw9
 Committer: Junaid Javed <javedj@data.cs.purdue.edu>
Your name and email address were configured automatically based
on your username and hostname. Please check that they are accurate.
You can suppress this message by setting them explicitly. Run the
following command and follow the instructions in your editor to edit
your configuration file:

    git config --global --edit

After doing this, you may fix the identity used for this commit with:

    git commit --amend --reset-author

 1 file changed, 1 insertion(+), 1 deletion(-)
M	hw9.c
Your branch is up to date with 'origin/master'.
[master 09f91b3] Commit homework hw9
 Committer: Junaid Javed <javedj@data.cs.purdue.edu>
Your name and email address were configured automatically based
on your username and hostname. Please check that they are accurate.
You can suppress this message by setting them explicitly. Run the
following command and follow the instructions in your editor to edit
your configuration file:

    git config --global --edit

After doing this, you may fix the identity used for this commit with:

    git commit --amend --reset-author

 1 file changed, 6 insertions(+), 3 deletions(-)
M	hw9.c
Your branch is up to date with 'origin/master'.
[master 9c9ac4e] Commit homework hw9
 Committer: Junaid Javed <javedj@data.cs.purdue.edu>
Your name and email address were configured automatically based
on your username and hostname. Please check that they are accurate.
You can suppress this message by setting them explicitly. Run the
following command and follow the instructions in your editor to edit
your configuration file:

    git config --global --edit

After doing this, you may fix the identity used for this commit with:

    git commit --amend --reset-author

 1 file changed, 1 insertion(+), 1 deletion(-)
M	hw9.c
Your branch is up to date with 'origin/master'.
[master e3125ed] Commit homework hw9
 Committer: Junaid Javed <javedj@data.cs.purdue.edu>
Your name and email address were configured automatically based
on your username and hostname. Please check that they are accurate.
You can suppress this message by setting them explicitly. Run the
following command and follow the instructions in your editor to edit
your configuration file:

    git config --global --edit

After doing this, you may fix the identity used for this commit with:

    git commit --amend --reset-author

 1 file changed, 1 insertion(+), 1 deletion(-)
M	hw9.c
Your branch is up to date with 'origin/master'.
[master f6aea79] Commit homework hw9
 Committer: Junaid Javed <javedj@data.cs.purdue.edu>
Your name and email address were configured automatically based
on your username and hostname. Please check that they are accurate.
You can suppress this message by setting them explicitly. Run the
following command and follow the instructions in your editor to edit
your configuration file:

    git config --global --edit

After doing this, you may fix the identity used for this commit with:

    git commit --amend --reset-author

 1 file changed, 2 insertions(+)
M	hw9.c
Your branch is up to date with 'origin/master'.
[master 4fcafc4] Commit homework hw9
 Committer: Junaid Javed <javedj@data.cs.purdue.edu>
Your name and email address were configured automatically based
on your username and hostname. Please check that they are accurate.
You can suppress this message by setting them explicitly. Run the
following command and follow the instructions in your editor to edit
your configuration file:

    git config --global --edit

After doing this, you may fix the identity used for this commit with:

    git commit --amend --reset-author

 1 file changed, 4 insertions(+)
M	hw9.c
Your branch is up to date with 'origin/master'.
[master b94353b] Commit homework hw9
 Committer: Junaid Javed <javedj@data.cs.purdue.edu>
Your name and email address were configured automatically based
on your username and hostname. Please check that they are accurate.
You can suppress this message by setting them explicitly. Run the
following command and follow the instructions in your editor to edit
your configuration file:

    git config --global --edit

After doing this, you may fix the identity used for this commit with:

    git commit --amend --reset-author

 1 file changed, 45 insertions(+), 25 deletions(-)
M	hw9.c
Your branch is up to date with 'origin/master'.
[master 472ee63] Commit homework hw9
 Committer: Junaid Javed <javedj@data.cs.purdue.edu>
Your name and email address were configured automatically based
on your username and hostname. Please check that they are accurate.
You can suppress this message by setting them explicitly. Run the
following command and follow the instructions in your editor to edit
your configuration file:

    git config --global --edit

After doing this, you may fix the identity used for this commit with:

    git commit --amend --reset-author

 1 file changed, 2 insertions(+), 23 deletions(-)
M	hw9.c
Your branch is up to date with 'origin/master'.
[master 7560572] Commit homework hw9
 Committer: Junaid Javed <javedj@data.cs.purdue.edu>
Your name and email address were configured automatically based
on your username and hostname. Please check that they are accurate.
You can suppress this message by setting them explicitly. Run the
following command and follow the instructions in your editor to edit
your configuration file:

    git config --global --edit

After doing this, you may fix the identity used for this commit with:

    git commit --amend --reset-author

 1 file changed, 2 deletions(-)
M	hw9.c
Your branch is up to date with 'origin/master'.
[master 852dbb4] Commit homework hw9
 Committer: Junaid Javed <javedj@data.cs.purdue.edu>
Your name and email address were configured automatically based
on your username and hostname. Please check that they are accurate.
You can suppress this message by setting them explicitly. Run the
following command and follow the instructions in your editor to edit
your configuration file:

    git config --global --edit

After doing this, you may fix the identity used for this commit with:

    git commit --amend --reset-author

 1 file changed, 1 insertion(+), 1 deletion(-)
M	hw9.c
Your branch is up to date with 'origin/master'.
[master 163901d] Commit homework hw9
 Committer: Junaid Javed <javedj@data.cs.purdue.edu>
Your name and email address were configured automatically based
on your username and hostname. Please check that they are accurate.
You can suppress this message by setting them explicitly. Run the
following command and follow the instructions in your editor to edit
your configuration file:

    git config --global --edit

After doing this, you may fix the identity used for this commit with:

    git commit --amend --reset-author

 1 file changed, 3 insertions(+)
M	hw9.c
Your branch is up to date with 'origin/master'.
[master b98116f] Commit homework hw9
 Committer: Junaid Javed <javedj@data.cs.purdue.edu>
Your name and email address were configured automatically based
on your username and hostname. Please check that they are accurate.
You can suppress this message by setting them explicitly. Run the
following command and follow the instructions in your editor to edit
your configuration file:

    git config --global --edit

After doing this, you may fix the identity used for this commit with:

    git commit --amend --reset-author

 1 file changed, 1 insertion(+)
M	hw9.c
Your branch is up to date with 'origin/master'.
[master 7dc301b] Commit homework hw9
 Committer: Junaid Javed <javedj@data.cs.purdue.edu>
Your name and email address were configured automatically based
on your username and hostname. Please check that they are accurate.
You can suppress this message by setting them explicitly. Run the
following command and follow the instructions in your editor to edit
your configuration file:

    git config --global --edit

After doing this, you may fix the identity used for this commit with:

    git commit --amend --reset-author

 1 file changed, 1 insertion(+), 1 deletion(-)
M	hw9.c
Your branch is up to date with 'origin/master'.
[master bf929ad] Commit homework hw9
 Committer: Junaid Javed <javedj@data.cs.purdue.edu>
Your name and email address were configured automatically based
on your username and hostname. Please check that they are accurate.
You can suppress this message by setting them explicitly. Run the
following command and follow the instructions in your editor to edit
your configuration file:

    git config --global --edit

After doing this, you may fix the identity used for this commit with:

    git commit --amend --reset-author

 1 file changed, 1 deletion(-)
M	hw9.c
Your branch is up to date with 'origin/master'.
[master afc28c5] Commit homework hw9
 Committer: Junaid Javed <javedj@data.cs.purdue.edu>
Your name and email address were configured automatically based
on your username and hostname. Please check that they are accurate.
You can suppress this message by setting them explicitly. Run the
following command and follow the instructions in your editor to edit
your configuration file:

    git config --global --edit

After doing this, you may fix the identity used for this commit with:

    git commit --amend --reset-author

 1 file changed, 3 insertions(+)
M	hw9.c
Your branch is up to date with 'origin/master'.
[master 8d09fd4] Commit homework hw9
 Committer: Junaid Javed <javedj@data.cs.purdue.edu>
Your name and email address were configured automatically based
on your username and hostname. Please check that they are accurate.
You can suppress this message by setting them explicitly. Run the
following command and follow the instructions in your editor to edit
your configuration file:

    git config --global --edit

After doing this, you may fix the identity used for this commit with:

    git commit --amend --reset-author

 1 file changed, 1 insertion(+), 1 deletion(-)
M	hw9.c
Your branch is up to date with 'origin/master'.
[master 16f4c29] Commit homework hw9
 Committer: Junaid Javed <javedj@data.cs.purdue.edu>
Your name and email address were configured automatically based
on your username and hostname. Please check that they are accurate.
You can suppress this message by setting them explicitly. Run the
following command and follow the instructions in your editor to edit
your configuration file:

    git config --global --edit

After doing this, you may fix the identity used for this commit with:

    git commit --amend --reset-author

 1 file changed, 2 insertions(+)
M	hw9.c
Your branch is up to date with 'origin/master'.
[master 7bcef76] Commit homework hw9
 Committer: Junaid Javed <javedj@data.cs.purdue.edu>
Your name and email address were configured automatically based
on your username and hostname. Please check that they are accurate.
You can suppress this message by setting them explicitly. Run the
following command and follow the instructions in your editor to edit
your configuration file:

    git config --global --edit

After doing this, you may fix the identity used for this commit with:

    git commit --amend --reset-author

 1 file changed, 2 insertions(+), 2 deletions(-)
M	hw9.c
Your branch is up to date with 'origin/master'.
[master 745cdc4] Commit homework hw9
 Committer: Junaid Javed <javedj@data.cs.purdue.edu>
Your name and email address were configured automatically based
on your username and hostname. Please check that they are accurate.
You can suppress this message by setting them explicitly. Run the
following command and follow the instructions in your editor to edit
your configuration file:

    git config --global --edit

After doing this, you may fix the identity used for this commit with:

    git commit --amend --reset-author

 1 file changed, 3 insertions(+), 3 deletions(-)
M	hw9.c
Your branch is up to date with 'origin/master'.
[master 046d386] Commit homework hw9
 Committer: Junaid Javed <javedj@data.cs.purdue.edu>
Your name and email address were configured automatically based
on your username and hostname. Please check that they are accurate.
You can suppress this message by setting them explicitly. Run the
following command and follow the instructions in your editor to edit
your configuration file:

    git config --global --edit

After doing this, you may fix the identity used for this commit with:

    git commit --amend --reset-author

 1 file changed, 1 insertion(+)
M	hw9.c
Your branch is up to date with 'origin/master'.
[master 4c1fc13] Commit homework hw9
 Committer: Junaid Javed <javedj@data.cs.purdue.edu>
Your name and email address were configured automatically based
on your username and hostname. Please check that they are accurate.
You can suppress this message by setting them explicitly. Run the
following command and follow the instructions in your editor to edit
your configuration file:

    git config --global --edit

After doing this, you may fix the identity used for this commit with:

    git commit --amend --reset-author

 1 file changed, 1 insertion(+)
M	hw9.c
Your branch is up to date with 'origin/master'.
[master 7ed02fe] Commit homework hw9
 Committer: Junaid Javed <javedj@data.cs.purdue.edu>
Your name and email address were configured automatically based
on your username and hostname. Please check that they are accurate.
You can suppress this message by setting them explicitly. Run the
following command and follow the instructions in your editor to edit
your configuration file:

    git config --global --edit

After doing this, you may fix the identity used for this commit with:

    git commit --amend --reset-author

 1 file changed, 14 insertions(+), 3 deletions(-)
M	hw9.c
Your branch is up to date with 'origin/master'.
[master 71176fc] Commit homework hw9
 Committer: Junaid Javed <javedj@data.cs.purdue.edu>
Your name and email address were configured automatically based
on your username and hostname. Please check that they are accurate.
You can suppress this message by setting them explicitly. Run the
following command and follow the instructions in your editor to edit
your configuration file:

    git config --global --edit

After doing this, you may fix the identity used for this commit with:

    git commit --amend --reset-author

 1 file changed, 7 insertions(+), 1 deletion(-)
M	hw9.c
Your branch is up to date with 'origin/master'.
[master 3c458aa] Commit homework hw9
 Committer: Junaid Javed <javedj@data.cs.purdue.edu>
Your name and email address were configured automatically based
on your username and hostname. Please check that they are accurate.
You can suppress this message by setting them explicitly. Run the
following command and follow the instructions in your editor to edit
your configuration file:

    git config --global --edit

After doing this, you may fix the identity used for this commit with:

    git commit --amend --reset-author

 1 file changed, 1 deletion(-)
Your branch is up to date with 'origin/master'.
On branch master
Your branch is up to date with 'origin/master'.

Untracked files:
	.local.git.out
	.vscode/
	hw9.o
	hw9_test

nothing added to commit but untracked files present
Your branch is up to date with 'origin/master'.
On branch master
Your branch is up to date with 'origin/master'.

Untracked files:
	.local.git.out
	.vscode/
	hw9.o
	hw9_test

nothing added to commit but untracked files present
Your branch is up to date with 'origin/master'.
On branch master
Your branch is up to date with 'origin/master'.

Untracked files:
	.local.git.out
	.vscode/
	hw9.o
	hw9_test

nothing added to commit but untracked files present
Your branch is up to date with 'origin/master'.
On branch master
Your branch is up to date with 'origin/master'.

Untracked files:
	.local.git.out
	.vscode/
	hw9.o
	hw9_test

nothing added to commit but untracked files present
Your branch is up to date with 'origin/master'.
On branch master
Your branch is up to date with 'origin/master'.

Untracked files:
	.local.git.out
	.vscode/
	hw9.o
	hw9_test

nothing added to commit but untracked files present
Your branch is up to date with 'origin/master'.
On branch master
Your branch is up to date with 'origin/master'.

Untracked files:
	.local.git.out
	.vscode/
	hw9.o
	hw9_test

nothing added to commit but untracked files present
M	hw9.c
Your branch is up to date with 'origin/master'.
[master ae19dc4] Commit homework hw9
 Committer: Junaid Javed <javedj@data.cs.purdue.edu>
Your name and email address were configured automatically based
on your username and hostname. Please check that they are accurate.
You can suppress this message by setting them explicitly. Run the
following command and follow the instructions in your editor to edit
your configuration file:

    git config --global --edit

After doing this, you may fix the identity used for this commit with:

    git commit --amend --reset-author

 1 file changed, 6 insertions(+), 7 deletions(-)
M	hw9.c
Your branch is up to date with 'origin/master'.
[master 00850f5] Commit homework hw9
 Committer: Junaid Javed <javedj@data.cs.purdue.edu>
Your name and email address were configured automatically based
on your username and hostname. Please check that they are accurate.
You can suppress this message by setting them explicitly. Run the
following command and follow the instructions in your editor to edit
your configuration file:

    git config --global --edit

After doing this, you may fix the identity used for this commit with:

    git commit --amend --reset-author

 1 file changed, 16 insertions(+)
M	hw9.c
Your branch is up to date with 'origin/master'.
[master 41dac6a] Commit homework hw9
 Committer: Junaid Javed <javedj@data.cs.purdue.edu>
Your name and email address were configured automatically based
on your username and hostname. Please check that they are accurate.
You can suppress this message by setting them explicitly. Run the
following command and follow the instructions in your editor to edit
your configuration file:

    git config --global --edit

After doing this, you may fix the identity used for this commit with:

    git commit --amend --reset-author

 1 file changed, 4 insertions(+), 4 deletions(-)
M	hw9.c
Your branch is up to date with 'origin/master'.
[master 77b71a5] Commit homework hw9
 Committer: Junaid Javed <javedj@data.cs.purdue.edu>
Your name and email address were configured automatically based
on your username and hostname. Please check that they are accurate.
You can suppress this message by setting them explicitly. Run the
following command and follow the instructions in your editor to edit
your configuration file:

    git config --global --edit

After doing this, you may fix the identity used for this commit with:

    git commit --amend --reset-author

 1 file changed, 4 insertions(+), 6 deletions(-)
M	hw9.c
Your branch is up to date with 'origin/master'.
[master c6e066e] Commit homework hw9
 Committer: Junaid Javed <javedj@data.cs.purdue.edu>
Your name and email address were configured automatically based
on your username and hostname. Please check that they are accurate.
You can suppress this message by setting them explicitly. Run the
following command and follow the instructions in your editor to edit
your configuration file:

    git config --global --edit

After doing this, you may fix the identity used for this commit with:

    git commit --amend --reset-author

 1 file changed, 1 insertion(+)
M	hw9.c
Your branch is up to date with 'origin/master'.
[master 55027f6] Commit homework hw9
 Committer: Junaid Javed <javedj@data.cs.purdue.edu>
Your name and email address were configured automatically based
on your username and hostname. Please check that they are accurate.
You can suppress this message by setting them explicitly. Run the
following command and follow the instructions in your editor to edit
your configuration file:

    git config --global --edit

After doing this, you may fix the identity used for this commit with:

    git commit --amend --reset-author

 1 file changed, 1 insertion(+), 1 deletion(-)
M	hw9.c
Your branch is up to date with 'origin/master'.
[master 6f9075b] Commit homework hw9
 Committer: Junaid Javed <javedj@data.cs.purdue.edu>
Your name and email address were configured automatically based
on your username and hostname. Please check that they are accurate.
You can suppress this message by setting them explicitly. Run the
following command and follow the instructions in your editor to edit
your configuration file:

    git config --global --edit

After doing this, you may fix the identity used for this commit with:

    git commit --amend --reset-author

 1 file changed, 3 insertions(+), 3 deletions(-)
M	hw9.c
Your branch is up to date with 'origin/master'.
[master 08fdaf0] Commit homework hw9
 Committer: Junaid Javed <javedj@data.cs.purdue.edu>
Your name and email address were configured automatically based
on your username and hostname. Please check that they are accurate.
You can suppress this message by setting them explicitly. Run the
following command and follow the instructions in your editor to edit
your configuration file:

    git config --global --edit

After doing this, you may fix the identity used for this commit with:

    git commit --amend --reset-author

 1 file changed, 1 insertion(+), 2 deletions(-)
M	hw9.c
Your branch is up to date with 'origin/master'.
[master c1e8d08] Commit homework hw9
 Committer: Junaid Javed <javedj@data.cs.purdue.edu>
Your name and email address were configured automatically based
on your username and hostname. Please check that they are accurate.
You can suppress this message by setting them explicitly. Run the
following command and follow the instructions in your editor to edit
your configuration file:

    git config --global --edit

After doing this, you may fix the identity used for this commit with:

    git commit --amend --reset-author

 1 file changed, 2 insertions(+), 1 deletion(-)
M	hw9.c
Your branch is up to date with 'origin/master'.
[master 2eeeec9] Commit homework hw9
 Committer: Junaid Javed <javedj@data.cs.purdue.edu>
Your name and email address were configured automatically based
on your username and hostname. Please check that they are accurate.
You can suppress this message by setting them explicitly. Run the
following command and follow the instructions in your editor to edit
your configuration file:

    git config --global --edit

After doing this, you may fix the identity used for this commit with:

    git commit --amend --reset-author

 1 file changed, 2 insertions(+)
M	hw9.c
Your branch is up to date with 'origin/master'.
[master b2259cf] Commit homework hw9
 Committer: Junaid Javed <javedj@data.cs.purdue.edu>
Your name and email address were configured automatically based
on your username and hostname. Please check that they are accurate.
You can suppress this message by setting them explicitly. Run the
following command and follow the instructions in your editor to edit
your configuration file:

    git config --global --edit

After doing this, you may fix the identity used for this commit with:

    git commit --amend --reset-author

 1 file changed, 1 insertion(+)
M	hw9.c
Your branch is up to date with 'origin/master'.
[master 6aefbc4] Commit homework hw9
 Committer: Junaid Javed <javedj@data.cs.purdue.edu>
Your name and email address were configured automatically based
on your username and hostname. Please check that they are accurate.
You can suppress this message by setting them explicitly. Run the
following command and follow the instructions in your editor to edit
your configuration file:

    git config --global --edit

After doing this, you may fix the identity used for this commit with:

    git commit --amend --reset-author

 1 file changed, 1 insertion(+), 1 deletion(-)
M	hw9.c
Your branch is up to date with 'origin/master'.
[master 0e1513a] Commit homework hw9
 Committer: Junaid Javed <javedj@data.cs.purdue.edu>
Your name and email address were configured automatically based
on your username and hostname. Please check that they are accurate.
You can suppress this message by setting them explicitly. Run the
following command and follow the instructions in your editor to edit
your configuration file:

    git config --global --edit

After doing this, you may fix the identity used for this commit with:

    git commit --amend --reset-author

 1 file changed, 1 insertion(+), 1 deletion(-)
M	hw9.c
Your branch is up to date with 'origin/master'.
[master bc49276] Commit homework hw9
 Committer: Junaid Javed <javedj@data.cs.purdue.edu>
Your name and email address were configured automatically based
on your username and hostname. Please check that they are accurate.
You can suppress this message by setting them explicitly. Run the
following command and follow the instructions in your editor to edit
your configuration file:

    git config --global --edit

After doing this, you may fix the identity used for this commit with:

    git commit --amend --reset-author

 1 file changed, 1 insertion(+), 1 deletion(-)
M	hw9.c
Your branch is up to date with 'origin/master'.
[master b3d3ce3] Commit homework hw9
 Committer: Junaid Javed <javedj@data.cs.purdue.edu>
Your name and email address were configured automatically based
on your username and hostname. Please check that they are accurate.
You can suppress this message by setting them explicitly. Run the
following command and follow the instructions in your editor to edit
your configuration file:

    git config --global --edit

After doing this, you may fix the identity used for this commit with:

    git commit --amend --reset-author

 1 file changed, 3 deletions(-)
M	hw9.c
Your branch is up to date with 'origin/master'.
[master c61ad1d] Commit homework hw9
 Committer: Junaid Javed <javedj@data.cs.purdue.edu>
Your name and email address were configured automatically based
on your username and hostname. Please check that they are accurate.
You can suppress this message by setting them explicitly. Run the
following command and follow the instructions in your editor to edit
your configuration file:

    git config --global --edit

After doing this, you may fix the identity used for this commit with:

    git commit --amend --reset-author

 1 file changed, 1 insertion(+)
M	hw9.c
Your branch is up to date with 'origin/master'.
[master 300f893] Commit homework hw9
 Committer: Junaid Javed <javedj@data.cs.purdue.edu>
Your name and email address were configured automatically based
on your username and hostname. Please check that they are accurate.
You can suppress this message by setting them explicitly. Run the
following command and follow the instructions in your editor to edit
your configuration file:

    git config --global --edit

After doing this, you may fix the identity used for this commit with:

    git commit --amend --reset-author

 1 file changed, 15 deletions(-)
Your branch is up to date with 'origin/master'.
On branch master
Your branch is up to date with 'origin/master'.

Untracked files:
	.local.git.out
	.vscode/
	hw9.o

nothing added to commit but untracked files present
Your branch is up to date with 'origin/master'.
On branch master
Your branch is up to date with 'origin/master'.

Untracked files:
	.local.git.out
	.vscode/
	hw9.o

nothing added to commit but untracked files present
M	hw9.c
Your branch is up to date with 'origin/master'.
[master 2d5157b] Commit homework hw9
 Committer: Junaid Javed <javedj@data.cs.purdue.edu>
Your name and email address were configured automatically based
on your username and hostname. Please check that they are accurate.
You can suppress this message by setting them explicitly. Run the
following command and follow the instructions in your editor to edit
your configuration file:

    git config --global --edit

After doing this, you may fix the identity used for this commit with:

    git commit --amend --reset-author

 1 file changed, 5 insertions(+), 1 deletion(-)
Your branch is up to date with 'origin/master'.
On branch master
Your branch is up to date with 'origin/master'.

Untracked files:
	.local.git.out
	.vscode/
	hw9.o
	hw9_test

nothing added to commit but untracked files present
M	hw9.c
Your branch is up to date with 'origin/master'.
[master 0a96506] Commit homework hw9
 Committer: Junaid Javed <javedj@data.cs.purdue.edu>
Your name and email address were configured automatically based
on your username and hostname. Please check that they are accurate.
You can suppress this message by setting them explicitly. Run the
following command and follow the instructions in your editor to edit
your configuration file:

    git config --global --edit

After doing this, you may fix the identity used for this commit with:

    git commit --amend --reset-author

 1 file changed, 1 deletion(-)
M	hw9.c
Your branch is up to date with 'origin/master'.
[master 60198c4] Commit homework hw9
 Committer: Junaid Javed <javedj@data.cs.purdue.edu>
Your name and email address were configured automatically based
on your username and hostname. Please check that they are accurate.
You can suppress this message by setting them explicitly. Run the
following command and follow the instructions in your editor to edit
your configuration file:

    git config --global --edit

After doing this, you may fix the identity used for this commit with:

    git commit --amend --reset-author

 1 file changed, 3 insertions(+), 1 deletion(-)
M	hw9.c
Your branch is up to date with 'origin/master'.
[master 7a838ed] Commit homework hw9
 Committer: Junaid Javed <javedj@data.cs.purdue.edu>
Your name and email address were configured automatically based
on your username and hostname. Please check that they are accurate.
You can suppress this message by setting them explicitly. Run the
following command and follow the instructions in your editor to edit
your configuration file:

    git config --global --edit

After doing this, you may fix the identity used for this commit with:

    git commit --amend --reset-author

 1 file changed, 5 insertions(+), 3 deletions(-)
Your branch is up to date with 'origin/master'.
On branch master
Your branch is up to date with 'origin/master'.

Untracked files:
	.local.git.out
	.vscode/
	hw9.o
	hw9_test

nothing added to commit but untracked files present
M	hw9.c
Your branch is up to date with 'origin/master'.
[master 41c4a59] Commit homework hw9
 Committer: Junaid Javed <javedj@data.cs.purdue.edu>
Your name and email address were configured automatically based
on your username and hostname. Please check that they are accurate.
You can suppress this message by setting them explicitly. Run the
following command and follow the instructions in your editor to edit
your configuration file:

    git config --global --edit

After doing this, you may fix the identity used for this commit with:

    git commit --amend --reset-author

 1 file changed, 1 insertion(+)
M	hw9.c
Your branch is up to date with 'origin/master'.
[master 616ed99] Commit homework hw9
 Committer: Junaid Javed <javedj@data.cs.purdue.edu>
Your name and email address were configured automatically based
on your username and hostname. Please check that they are accurate.
You can suppress this message by setting them explicitly. Run the
following command and follow the instructions in your editor to edit
your configuration file:

    git config --global --edit

After doing this, you may fix the identity used for this commit with:

    git commit --amend --reset-author

 1 file changed, 55 insertions(+), 26 deletions(-)
M	hw9.c
Your branch is up to date with 'origin/master'.
[master 91d8536] Commit homework hw9
 Committer: Junaid Javed <javedj@data.cs.purdue.edu>
Your name and email address were configured automatically based
on your username and hostname. Please check that they are accurate.
You can suppress this message by setting them explicitly. Run the
following command and follow the instructions in your editor to edit
your configuration file:

    git config --global --edit

After doing this, you may fix the identity used for this commit with:

    git commit --amend --reset-author

 1 file changed, 31 insertions(+), 36 deletions(-)
M	hw9.c
Your branch is up to date with 'origin/master'.
[master ed131c4] Commit homework hw9
 Committer: Junaid Javed <javedj@data.cs.purdue.edu>
Your name and email address were configured automatically based
on your username and hostname. Please check that they are accurate.
You can suppress this message by setting them explicitly. Run the
following command and follow the instructions in your editor to edit
your configuration file:

    git config --global --edit

After doing this, you may fix the identity used for this commit with:

    git commit --amend --reset-author

 1 file changed, 1 insertion(+), 1 deletion(-)
M	hw9.c
Your branch is up to date with 'origin/master'.
[master ea0ae6c] Commit homework hw9
 Committer: Junaid Javed <javedj@data.cs.purdue.edu>
Your name and email address were configured automatically based
on your username and hostname. Please check that they are accurate.
You can suppress this message by setting them explicitly. Run the
following command and follow the instructions in your editor to edit
your configuration file:

    git config --global --edit

After doing this, you may fix the identity used for this commit with:

    git commit --amend --reset-author

 1 file changed, 1 insertion(+), 1 deletion(-)
M	hw9.c
Your branch is up to date with 'origin/master'.
[master 8f53f78] Commit homework hw9
 Committer: Junaid Javed <javedj@data.cs.purdue.edu>
Your name and email address were configured automatically based
on your username and hostname. Please check that they are accurate.
You can suppress this message by setting them explicitly. Run the
following command and follow the instructions in your editor to edit
your configuration file:

    git config --global --edit

After doing this, you may fix the identity used for this commit with:

    git commit --amend --reset-author

 1 file changed, 1 insertion(+), 2 deletions(-)
M	hw9.c
Your branch is up to date with 'origin/master'.
[master e3b3244] Commit homework hw9
 Committer: Junaid Javed <javedj@data.cs.purdue.edu>
Your name and email address were configured automatically based
on your username and hostname. Please check that they are accurate.
You can suppress this message by setting them explicitly. Run the
following command and follow the instructions in your editor to edit
your configuration file:

    git config --global --edit

After doing this, you may fix the identity used for this commit with:

    git commit --amend --reset-author

 1 file changed, 3 insertions(+), 2 deletions(-)
M	hw9.c
Your branch is up to date with 'origin/master'.
[master c28db24] Commit homework hw9
 Committer: Junaid Javed <javedj@data.cs.purdue.edu>
Your name and email address were configured automatically based
on your username and hostname. Please check that they are accurate.
You can suppress this message by setting them explicitly. Run the
following command and follow the instructions in your editor to edit
your configuration file:

    git config --global --edit

After doing this, you may fix the identity used for this commit with:

    git commit --amend --reset-author

 1 file changed, 11 insertions(+), 11 deletions(-)
M	hw9.c
Your branch is up to date with 'origin/master'.
[master d820de4] Commit homework hw9
 Committer: Junaid Javed <javedj@data.cs.purdue.edu>
Your name and email address were configured automatically based
on your username and hostname. Please check that they are accurate.
You can suppress this message by setting them explicitly. Run the
following command and follow the instructions in your editor to edit
your configuration file:

    git config --global --edit

After doing this, you may fix the identity used for this commit with:

    git commit --amend --reset-author

 1 file changed, 52 deletions(-)
M	hw9.c
Your branch is up to date with 'origin/master'.
[master f1ba63b] Commit homework hw9
 Committer: Junaid Javed <javedj@data.cs.purdue.edu>
Your name and email address were configured automatically based
on your username and hostname. Please check that they are accurate.
You can suppress this message by setting them explicitly. Run the
following command and follow the instructions in your editor to edit
your configuration file:

    git config --global --edit

After doing this, you may fix the identity used for this commit with:

    git commit --amend --reset-author

 1 file changed, 25 insertions(+), 25 deletions(-)
M	hw9.c
Your branch is up to date with 'origin/master'.
[master c50ccba] Commit homework hw9
 Committer: Junaid Javed <javedj@data.cs.purdue.edu>
Your name and email address were configured automatically based
on your username and hostname. Please check that they are accurate.
You can suppress this message by setting them explicitly. Run the
following command and follow the instructions in your editor to edit
your configuration file:

    git config --global --edit

After doing this, you may fix the identity used for this commit with:

    git commit --amend --reset-author

 1 file changed, 46 insertions(+), 46 deletions(-)
M	hw9.c
Your branch is up to date with 'origin/master'.
[master 596f4f2] Commit homework hw9
 Committer: Junaid Javed <javedj@data.cs.purdue.edu>
Your name and email address were configured automatically based
on your username and hostname. Please check that they are accurate.
You can suppress this message by setting them explicitly. Run the
following command and follow the instructions in your editor to edit
your configuration file:

    git config --global --edit

After doing this, you may fix the identity used for this commit with:

    git commit --amend --reset-author

 1 file changed, 49 insertions(+), 48 deletions(-)
M	hw9.c
Your branch is up to date with 'origin/master'.
[master e0cc5cc] Commit homework hw9
 Committer: Junaid Javed <javedj@data.cs.purdue.edu>
Your name and email address were configured automatically based
on your username and hostname. Please check that they are accurate.
You can suppress this message by setting them explicitly. Run the
following command and follow the instructions in your editor to edit
your configuration file:

    git config --global --edit

After doing this, you may fix the identity used for this commit with:

    git commit --amend --reset-author

 1 file changed, 62 insertions(+), 62 deletions(-)
M	hw9.c
Your branch is up to date with 'origin/master'.
[master 23cab81] Commit homework hw9
 Committer: Junaid Javed <javedj@data.cs.purdue.edu>
Your name and email address were configured automatically based
on your username and hostname. Please check that they are accurate.
You can suppress this message by setting them explicitly. Run the
following command and follow the instructions in your editor to edit
your configuration file:

    git config --global --edit

After doing this, you may fix the identity used for this commit with:

    git commit --amend --reset-author

 1 file changed, 129 insertions(+), 128 deletions(-)
M	hw9.c
Your branch is up to date with 'origin/master'.
[master af67d9d] Commit homework hw9
 Committer: Junaid Javed <javedj@data.cs.purdue.edu>
Your name and email address were configured automatically based
on your username and hostname. Please check that they are accurate.
You can suppress this message by setting them explicitly. Run the
following command and follow the instructions in your editor to edit
your configuration file:

    git config --global --edit

After doing this, you may fix the identity used for this commit with:

    git commit --amend --reset-author

 1 file changed, 161 insertions(+), 165 deletions(-)
M	hw9.c
Your branch is up to date with 'origin/master'.
[master 568697a] Commit homework hw9
 Committer: Junaid Javed <javedj@data.cs.purdue.edu>
Your name and email address were configured automatically based
on your username and hostname. Please check that they are accurate.
You can suppress this message by setting them explicitly. Run the
following command and follow the instructions in your editor to edit
your configuration file:

    git config --global --edit

After doing this, you may fix the identity used for this commit with:

    git commit --amend --reset-author

 1 file changed, 50 insertions(+), 50 deletions(-)
M	hw9.c
Your branch is up to date with 'origin/master'.
[master b72b1c4] Commit homework hw9
 Committer: Junaid Javed <javedj@data.cs.purdue.edu>
Your name and email address were configured automatically based
on your username and hostname. Please check that they are accurate.
You can suppress this message by setting them explicitly. Run the
following command and follow the instructions in your editor to edit
your configuration file:

    git config --global --edit

After doing this, you may fix the identity used for this commit with:

    git commit --amend --reset-author

 1 file changed, 40 insertions(+), 41 deletions(-)
M	hw9.c
Your branch is up to date with 'origin/master'.
[master 5ffbf20] Commit homework hw9
 Committer: Junaid Javed <javedj@data.cs.purdue.edu>
Your name and email address were configured automatically based
on your username and hostname. Please check that they are accurate.
You can suppress this message by setting them explicitly. Run the
following command and follow the instructions in your editor to edit
your configuration file:

    git config --global --edit

After doing this, you may fix the identity used for this commit with:

    git commit --amend --reset-author

 1 file changed, 7 insertions(+), 8 deletions(-)
M	hw9.c
Your branch is up to date with 'origin/master'.
[master 887cc5b] Commit homework hw9
 Committer: Junaid Javed <javedj@data.cs.purdue.edu>
Your name and email address were configured automatically based
on your username and hostname. Please check that they are accurate.
You can suppress this message by setting them explicitly. Run the
following command and follow the instructions in your editor to edit
your configuration file:

    git config --global --edit

After doing this, you may fix the identity used for this commit with:

    git commit --amend --reset-author

 1 file changed, 2 insertions(+), 1 deletion(-)
M	hw9.c
Your branch is up to date with 'origin/master'.
[master 15e41ae] Commit homework hw9
 Committer: Junaid Javed <javedj@data.cs.purdue.edu>
Your name and email address were configured automatically based
on your username and hostname. Please check that they are accurate.
You can suppress this message by setting them explicitly. Run the
following command and follow the instructions in your editor to edit
your configuration file:

    git config --global --edit

After doing this, you may fix the identity used for this commit with:

    git commit --amend --reset-author

 1 file changed, 1 insertion(+), 3 deletions(-)
M	hw9.c
Your branch is up to date with 'origin/master'.
[master 3e373b4] Commit homework hw9
 Committer: Junaid Javed <javedj@data.cs.purdue.edu>
Your name and email address were configured automatically based
on your username and hostname. Please check that they are accurate.
You can suppress this message by setting them explicitly. Run the
following command and follow the instructions in your editor to edit
your configuration file:

    git config --global --edit

After doing this, you may fix the identity used for this commit with:

    git commit --amend --reset-author

 1 file changed, 1 insertion(+), 1 deletion(-)
M	hw9.c
Your branch is up to date with 'origin/master'.
[master 74e970c] Commit homework hw9
 Committer: Junaid Javed <javedj@data.cs.purdue.edu>
Your name and email address were configured automatically based
on your username and hostname. Please check that they are accurate.
You can suppress this message by setting them explicitly. Run the
following command and follow the instructions in your editor to edit
your configuration file:

    git config --global --edit

After doing this, you may fix the identity used for this commit with:

    git commit --amend --reset-author

 1 file changed, 1 insertion(+), 1 deletion(-)
M	hw9.c
Your branch is up to date with 'origin/master'.
[master 21c809e] Commit homework hw9
 Committer: Junaid Javed <javedj@data.cs.purdue.edu>
Your name and email address were configured automatically based
on your username and hostname. Please check that they are accurate.
You can suppress this message by setting them explicitly. Run the
following command and follow the instructions in your editor to edit
your configuration file:

    git config --global --edit

After doing this, you may fix the identity used for this commit with:

    git commit --amend --reset-author

 1 file changed, 1 insertion(+), 1 deletion(-)
M	hw9.c
Your branch is up to date with 'origin/master'.
[master d510ec2] Commit homework hw9
 Committer: Junaid Javed <javedj@data.cs.purdue.edu>
Your name and email address were configured automatically based
on your username and hostname. Please check that they are accurate.
You can suppress this message by setting them explicitly. Run the
following command and follow the instructions in your editor to edit
your configuration file:

    git config --global --edit

After doing this, you may fix the identity used for this commit with:

    git commit --amend --reset-author

 1 file changed, 1 insertion(+)
M	hw9.c
Your branch is up to date with 'origin/master'.
[master 8972293] Commit homework hw9
 Committer: Junaid Javed <javedj@data.cs.purdue.edu>
Your name and email address were configured automatically based
on your username and hostname. Please check that they are accurate.
You can suppress this message by setting them explicitly. Run the
following command and follow the instructions in your editor to edit
your configuration file:

    git config --global --edit

After doing this, you may fix the identity used for this commit with:

    git commit --amend --reset-author

 1 file changed, 1 deletion(-)
M	hw9.c
Your branch is up to date with 'origin/master'.
[master 8420825] Commit homework hw9
 Committer: Junaid Javed <javedj@data.cs.purdue.edu>
Your name and email address were configured automatically based
on your username and hostname. Please check that they are accurate.
You can suppress this message by setting them explicitly. Run the
following command and follow the instructions in your editor to edit
your configuration file:

    git config --global --edit

After doing this, you may fix the identity used for this commit with:

    git commit --amend --reset-author

 1 file changed, 17 insertions(+), 3 deletions(-)
M	hw9.c
Your branch is up to date with 'origin/master'.
[master e79a0d1] Commit homework hw9
 Committer: Junaid Javed <javedj@data.cs.purdue.edu>
Your name and email address were configured automatically based
on your username and hostname. Please check that they are accurate.
You can suppress this message by setting them explicitly. Run the
following command and follow the instructions in your editor to edit
your configuration file:

    git config --global --edit

After doing this, you may fix the identity used for this commit with:

    git commit --amend --reset-author

 1 file changed, 16 deletions(-)
M	hw9.c
Your branch is up to date with 'origin/master'.
[master 6329980] Commit homework hw9
 Committer: Junaid Javed <javedj@data.cs.purdue.edu>
Your name and email address were configured automatically based
on your username and hostname. Please check that they are accurate.
You can suppress this message by setting them explicitly. Run the
following command and follow the instructions in your editor to edit
your configuration file:

    git config --global --edit

After doing this, you may fix the identity used for this commit with:

    git commit --amend --reset-author

 1 file changed, 8 deletions(-)
M	hw9.c
Your branch is up to date with 'origin/master'.
[master 304b738] Commit homework hw9
 Committer: Junaid Javed <javedj@data.cs.purdue.edu>
Your name and email address were configured automatically based
on your username and hostname. Please check that they are accurate.
You can suppress this message by setting them explicitly. Run the
following command and follow the instructions in your editor to edit
your configuration file:

    git config --global --edit

After doing this, you may fix the identity used for this commit with:

    git commit --amend --reset-author

 1 file changed, 1 insertion(+), 1 deletion(-)
Your branch is up to date with 'origin/master'.
[master dc042a1] Submission for homework hw9
 Committer: Junaid Javed <javedj@data.cs.purdue.edu>
Your name and email address were configured automatically based
on your username and hostname. Please check that they are accurate.
You can suppress this message by setting them explicitly. Run the
following command and follow the instructions in your editor to edit
your configuration file:

    git config --global --edit

After doing this, you may fix the identity used for this commit with:

    git commit --amend --reset-author

Your branch is up to date with 'origin/master'.
[master 55ab9db] Submission for homework hw9
 Committer: Junaid Javed <javedj@data.cs.purdue.edu>
Your name and email address were configured automatically based
on your username and hostname. Please check that they are accurate.
You can suppress this message by setting them explicitly. Run the
following command and follow the instructions in your editor to edit
your configuration file:

    git config --global --edit

After doing this, you may fix the identity used for this commit with:

    git commit --amend --reset-author

Your branch is up to date with 'origin/master'.
On branch master
Your branch is up to date with 'origin/master'.

Untracked files:
	.local.git.out
	.vscode/
	hw9.o

nothing added to commit but untracked files present
